#
# A fatal error has been detected by the Java Runtime Environment:
#
#  EXCEPTION_ACCESS_VIOLATION (0xc0000005) at pc=0x000002378f71102c, pid=8648, tid=10832
#
# JRE version: OpenJDK Runtime Environment Temurin-21.0.7+6 (21.0.7+6) (build 21.0.7+6-LTS)
# Java VM: OpenJDK 64-Bit Server VM Temurin-21.0.7+6 (21.0.7+6-LTS, mixed mode, emulated-client, sharing, tiered, compressed oops, compressed class ptrs, g1 gc, windows-amd64)
# Problematic frame:
# v  ~BufferBlob::MethodHandles adapters 0x000002378f71102c
#
# No core dump will be written. Minidumps are not enabled by default on client versions of Windows
#
# If you would like to submit a bug report, please visit:
#   https://github.com/adoptium/adoptium-support/issues
#

---------------  S U M M A R Y ------------

Command Line: -XX:+ShowCodeDetailsInExceptionMessages -agentlib:jdwp=transport=dt_socket,suspend=y,address=localhost:53792 -Dcom.sun.management.jmxremote -Dcom.sun.management.jmxremote.port=53791 -Dcom.sun.management.jmxremote.authenticate=false -Dcom.sun.management.jmxremote.ssl=false -Djava.rmi.server.hostname=localhost -Dspring.jmx.enabled=true -Dmanagement.endpoints.jmx.exposure.include=* -Dspring.application.admin.enabled=true -Dspring.output.ansi.enabled=always -XX:TieredStopAtLevel=1 -Dspring.boot.project.name=SmartContactManager -javaagent:C:\Users\Administrator\Downloads\sts-4.31.0.RELEASE\configuration\org.eclipse.osgi\273\0\.cp\lib\javaagent-shaded.jar -Dfile.encoding=UTF-8 -Dstdout.encoding=UTF-8 -Dstderr.encoding=UTF-8 com.contactManager.SmartContactManagerApplication

Host: AMD Ryzen 5 3550H with Radeon Vega Mobile Gfx  , 8 cores, 5G,  Windows 11 , 64 bit Build 26100 (10.0.26100.7705)
Time: Sat Feb 14 22:37:00 2026 India Standard Time elapsed time: 11.555660 seconds (0d 0h 0m 11s)

---------------  T H R E A D  ---------------

Current thread (0x00000237dd171af0):  JavaThread "restartedMain"        [_thread_in_Java, id=10832, stack(0x000000d67c900000,0x000000d67ca00000) (1024K)]

Stack: [0x000000d67c900000,0x000000d67ca00000],  sp=0x000000d67c9fdf48,  free space=1015k
Native frames: (J=compiled Java code, j=interpreted, Vv=VM code, C=native code)
C  0x000002378f71102c

The last pc belongs to _linkToSpecial (printed below).

siginfo: EXCEPTION_ACCESS_VIOLATION (0xc0000005), reading address 0xffffffffffffffff


Registers:
RAX=0x000002378f6e9086, RBX=0xa5d1a60000000000, RCX=0x000000d67c9fdf50, RDX=0x0000000000000002
RSP=0x000000d67c9fdf48, RBP=0x000000d67c9fdf98, RSI=0x00000237de6f50e8, RDI=0x00000237de6682e0
R8 =0x0000000000000004, R9 =0x0000000000000004, R10=0x00007fffa3abdfc0, R11=0x00000237980b5bd0
R12=0x0000000000000000, R13=0x000000d67c9fdf48, R14=0x000000d67c9fdfb8, R15=0x00000237dd171af0
RIP=0x000002378f71102c, EFLAGS=0x0000000000010202

XMM[0]=0x0000000000000000 0x0000000000000000
XMM[1]=0x0000000000000000 0x0000000000000000
XMM[2]=0x0000000000000000 0x0000000000000000
XMM[3]=0x0000000000000000 0x0000000000000000
XMM[4]=0x0000000000000000 0x0000000000000000
XMM[5]=0x0000000000000000 0x0000000000000000
XMM[6]=0x0000000000000000 0x0000000000000000
XMM[7]=0x0000000000000000 0x0000000000000000
XMM[8]=0x0000000000000000 0x0000000000000000
XMM[9]=0x0000000000000000 0x0000000000000000
XMM[10]=0x0000000000000000 0x0000000000000000
XMM[11]=0x0000000000000000 0x0000000000000000
XMM[12]=0x0000000000000000 0x0000000000000000
XMM[13]=0x0000000000000000 0x0000000000000000
XMM[14]=0x0000000000000000 0x0000000000000000
XMM[15]=0x0000000000000000 0x0000000000000000
  MXCSR=0x00001fa0


Register to memory mapping:

RAX=0x000002378f6e9086 is at code_begin+3078 in an Interpreter codelet
return entry points  [0x000002378f6e8480, 0x000002378f6ea298]  7704 bytes
RBX=0xa5d1a60000000000 is an unknown value
RCX=0x000000d67c9fdf50 is pointing into the stack for thread: 0x00000237dd171af0
RDX=0x0000000000000002 is an unknown value
RSP=0x000000d67c9fdf48 is pointing into the stack for thread: 0x00000237dd171af0
RBP=0x000000d67c9fdf98 is pointing into the stack for thread: 0x00000237dd171af0
RSI=0x00000237de6f50e8 points into unknown readable memory: 0x88000a2f98581abe | be 1a 58 98 2f 0a 00 88
RDI=0x00000237de6682e0 points into unknown readable memory: 0x0000001800000070 | 70 00 00 00 18 00 00 00
R8 =0x0000000000000004 is an unknown value
R9 =0x0000000000000004 is an unknown value
R10=0x00007fffa3abdfc0 jvm.dll
R11={method} {0x00000237980b5bd8} 'newInvokeSpecial' '(Ljava/lang/Object;)Ljava/lang/Object;' in 'java/lang/invoke/DirectMethodHandle$Holder'
R12=0x0 is null
R13=0x000000d67c9fdf48 is pointing into the stack for thread: 0x00000237dd171af0
R14=0x000000d67c9fdfb8 is pointing into the stack for thread: 0x00000237dd171af0
R15=0x00000237dd171af0 is a thread

Top of Stack: (sp=0x000000d67c9fdf48)
0x000000d67c9fdf48:   000002378f6e9086 000000d67c9fdf50
0x000000d67c9fdf58:   000002379872b5e7 0000000000000004
0x000000d67c9fdf68:   00000237980b1088 00000000a1a0a6a0
0x000000d67c9fdf78:   00000000a11e26e8 00000237980b5bd0
0x000000d67c9fdf88:   000000d67c9fdf48 000000d67c9fdfc0
0x000000d67c9fdf98:   000000d67c9fe318 000002378f9f2303
0x000000d67c9fdfa8:   00000000a5d1a508 00000000a5d1a5b0
0x000000d67c9fdfb8:   00000000a5d1a568 00000000a5d1a2b8
0x000000d67c9fdfc8:   00007fffa3596ae9 000000d67c9fe318
0x000000d67c9fdfd8:   00000237900447fc 00000237dd090101
0x000000d67c9fdfe8:   00007fffa3270cc2 00000237dd171a00
0x000000d67c9fdff8:   00007fffa31d8351 00000237dd171af0
0x000000d67c9fe008:   00000237dbe8114a 0000000000000000
0x000000d67c9fe018:   0000000000000000 0000000000000006
0x000000d67c9fe028:   0000023700000088 0000000000000008
0x000000d67c9fe038:   00000000a121c9c8 00000000a1a0a6a0
0x000000d67c9fe048:   00000000a5d1a170 00000000a5d1a170
0x000000d67c9fe058:   00000000a5d1a2b8 00000000a5d1a598
0x000000d67c9fe068:   00000000a5d1a320 00000000a1a0a6a0
0x000000d67c9fe078:   0000000000000001 000000d67c9fe318
0x000000d67c9fe088:   0000023700000000 0000000000000000
0x000000d67c9fe098:   0000000000000000 00000000a5d1a568
0x000000d67c9fe0a8:   000002378fb12adc 0000000000000000
0x000000d67c9fe0b8:   0000000000000000 0000000000000000
0x000000d67c9fe0c8:   000000d67c9fcf00 00000237dd171af0
0x000000d67c9fe0d8:   0000000000000000 00000000a5d1a2b8
0x000000d67c9fe0e8:   0000000000000000 00000000a5d1a170
0x000000d67c9fe0f8:   00000000a5d1a598 00000000a5d1a2b8
0x000000d67c9fe108:   0000000000000000 00000237dd171a00
0x000000d67c9fe118:   000002378f9f1834 000000d67c9fe318
0x000000d67c9fe128:   000002378f9ee16a 0000000000000000
0x000000d67c9fe138:   000002378f901129 000000d67c9fe1c0 

Instructions: (pc=0x000002378f71102c)
0x000002378f710f2c:   8b 59 14 8b 5b 28 8b 5b 24 48 8b 5b 10 48 85 db
0x000002378f710f3c:   0f 84 10 00 00 00 41 80 bf d8 05 00 00 00 74 03
0x000002378f710f4c:   ff 63 38 ff 63 50 e9 a9 16 00 00 66 0f 1f 84 00
0x000002378f710f5c:   00 00 00 00 48 8b 53 08 0f b7 52 2e 48 8b 0c d4
0x000002378f710f6c:   58 5b 50 44 8b 51 08 49 bb 00 00 00 98 37 02 00
0x000002378f710f7c:   00 4d 03 d3 4c 8b 5b 10 4b 8b 9c da c0 01 00 00
0x000002378f710f8c:   48 85 db 0f 84 10 00 00 00 41 80 bf d8 05 00 00
0x000002378f710f9c:   00 74 03 ff 63 38 ff 63 50 e9 56 16 00 00 66 66
0x000002378f710fac:   66 0f 1f 84 00 00 00 00 00 66 66 66 0f 1f 84 00
0x000002378f710fbc:   00 00 00 00 58 5b 50 8b 5b 24 48 8b 5b 10 48 85
0x000002378f710fcc:   db 0f 84 10 00 00 00 41 80 bf d8 05 00 00 00 74
0x000002378f710fdc:   03 ff 63 38 ff 63 50 e9 18 16 00 00 66 66 66 0f
0x000002378f710fec:   1f 84 00 00 00 00 00 0f 1f 80 00 00 00 00 66 0f
0x000002378f710ffc:   1f 44 00 00 48 8b 53 08 0f b7 52 2e 48 8b 0c d4
0x000002378f71100c:   58 5b 50 48 3b 01 8b 5b 24 48 8b 5b 10 48 85 db
0x000002378f71101c:   0f 84 10 00 00 00 41 80 bf d8 05 00 00 00 74 03
0x000002378f71102c:   ff 63 38 ff 63 50 e9 c9 15 00 00 66 0f 1f 84 00
0x000002378f71103c:   00 00 00 00 48 8b 53 08 0f b7 52 2e 48 8b 0c d4
0x000002378f71104c:   58 5b 50 44 8b 51 08 49 bb 00 00 00 98 37 02 00
0x000002378f71105c:   00 4d 03 d3 8b 43 18 48 8b 40 10 48 8b 5b 10 45
0x000002378f71106c:   8b 9a a0 00 00 00 4f 8d 9c da c0 01 00 00 4d 8d
0x000002378f71107c:   14 da 49 8b 1b 48 3b c3 74 15 48 85 db 0f 84 32
0x000002378f71108c:   00 00 00 49 83 c3 10 49 8b 1b 48 3b c3 75 eb 45
0x000002378f71109c:   8b 5b 08 4b 8b 1c 1a 48 85 db 0f 84 10 00 00 00
0x000002378f7110ac:   41 80 bf d8 05 00 00 00 74 03 ff 63 38 ff 63 50
0x000002378f7110bc:   e9 3f 15 00 00 e9 3a 12 00 00 f4 00 00 00 00 00
0x000002378f7110cc:   00 00 00 00 00 00 00 00 00 00 00 00 00 00 00 00
0x000002378f7110dc:   00 00 00 00 00 00 00 00 00 00 00 00 00 00 00 00
0x000002378f7110ec:   00 00 00 00 00 00 00 00 00 00 00 00 00 00 00 00
0x000002378f7110fc:   00 00 00 00 00 00 00 00 00 00 00 00 00 00 00 00
0x000002378f71110c:   00 00 00 00 00 00 00 00 00 00 00 00 00 00 00 00
0x000002378f71111c:   00 00 00 00 00 00 00 00 00 00 00 00 00 00 00 00 


Stack slot to memory mapping:

stack at sp + 0 slots: 0x000002378f6e9086 is at code_begin+3078 in an Interpreter codelet
return entry points  [0x000002378f6e8480, 0x000002378f6ea298]  7704 bytes
stack at sp + 1 slots: 0x000000d67c9fdf50 is pointing into the stack for thread: 0x00000237dd171af0
stack at sp + 2 slots: 0x000002379872b5e7 is pointing into metadata
stack at sp + 3 slots: 0x0000000000000004 is an unknown value
stack at sp + 4 slots: 0x00000237980b1088 is pointing into metadata
stack at sp + 5 slots: 0x00000000a1a0a6a0 is an oop: java.lang.Class 
{0x00000000a1a0a6a0} - klass: 'java/lang/Class'
 - ---- fields (total size 14 words):
 - private volatile transient 'classRedefinedCount' 'I' @12  1 (0x00000001)
 - injected 'klass' 'J' @16  2437814590640 (0x0000023799129cb0)
 - injected 'array_klass' 'J' @24  0 (0x0000000000000000)
 - injected 'oop_size' 'I' @32  14 (0x0000000e)
 - injected 'static_oop_field_count' 'I' @36  0 (0x00000000)
 - private volatile transient 'cachedConstructor' 'Ljava/lang/reflect/Constructor;' @40  null (0x00000000)
 - private transient 'name' 'Ljava/lang/String;' @44  "com.contactManager.controllers.GlobalControllerAdvice"{0x00000000a1a880d0} (0xa1a880d0)
 - private transient 'module' 'Ljava/lang/Module;' @48  a 'java/lang/Module'{0x00000000a1609000} (0xa1609000)
 - private final 'classLoader' 'Ljava/lang/ClassLoader;' @52  a 'org/springframework/boot/devtools/restart/classloader/RestartClassLoader'{0x00000000a1602458} (0xa1602458)
 - private transient 'classData' 'Ljava/lang/Object;' @56  null (0x00000000)
 - private transient 'packageName' 'Ljava/lang/String;' @60  "com.contactManager.controllers"{0x00000000a1a0b2b8} (0xa1a0b2b8)
 - private final 'componentType' 'Ljava/lang/Class;' @64  null (0x00000000)
 - private volatile transient 'reflectionData' 'Ljava/lang/ref/SoftReference;' @68  a 'java/lang/ref/SoftReference'{0x00000000a225e3d8} (0xa225e3d8)
 - private volatile transient 'genericInfo' 'Lsun/reflect/generics/repository/ClassRepository;' @72  null (0x00000000)
 - private volatile transient 'enumConstants' '[Ljava/lang/Object;' @76  null (0x00000000)
 - private volatile transient 'enumConstantDirectory' 'Ljava/util/Map;' @80  null (0x00000000)
 - private volatile transient 'annotationData' 'Ljava/lang/Class$AnnotationData;' @84  a 'java/lang/Class$AnnotationData'{0x00000000a225e450} (0xa225e450)
 - private volatile transient 'annotationType' 'Lsun/reflect/annotation/AnnotationType;' @88  null (0x00000000)
 - transient 'classValueMap' 'Ljava/lang/ClassValue$ClassValueMap;' @92  null (0x00000000)
 - injected 'protection_domain' 'Ljava/lang/Object;' @96  a 'java/security/ProtectionDomain'{0x00000000a1656078} (0xa1656078)
 - injected 'signers_name' 'Ljava/lang/Object;' @100  null (0x00000000)
 - injected 'source_file' 'Ljava/lang/Object;' @104  null (0x00000000)
 - injected '<init_lock>' 'Ljava/lang/Object;' @108  null (0x00000000)
 - signature: Lcom/contactManager/controllers/GlobalControllerAdvice;
 - ---- static fields (0):
stack at sp + 6 slots: 0x00000000a11e26e8 is an oop: java.lang.Class 
{0x00000000a11e26e8} - klass: 'java/lang/Class'
 - ---- fields (total size 14 words):
 - private volatile transient 'classRedefinedCount' 'I' @12  0 (0x00000000)
 - injected 'klass' 'J' @16  2437797317728 (0x00000237980b0c60)
 - injected 'array_klass' 'J' @24  0 (0x0000000000000000)
 - injected 'oop_size' 'I' @32  14 (0x0000000e)
 - injected 'static_oop_field_count' 'I' @36  0 (0x00000000)
 - private volatile transient 'cachedConstructor' 'Ljava/lang/reflect/Constructor;' @40  null (0x00000000)
 - private transient 'name' 'Ljava/lang/String;' @44  null (0x00000000)
 - private transient 'module' 'Ljava/lang/Module;' @48  a 'java/lang/Module'{0x00000000a120e6a0} (0xa120e6a0)
 - private final 'classLoader' 'Ljava/lang/ClassLoader;' @52  null (0x00000000)
 - private transient 'classData' 'Ljava/lang/Object;' @56  null (0x00000000)
 - private transient 'packageName' 'Ljava/lang/String;' @60  null (0x00000000)
 - private final 'componentType' 'Ljava/lang/Class;' @64  null (0x00000000)
 - private volatile transient 'reflectionData' 'Ljava/lang/ref/SoftReference;' @68  null (0x00000000)
 - private volatile transient 'genericInfo' 'Lsun/reflect/generics/repository/ClassRepository;' @72  null (0x00000000)
 - private volatile transient 'enumConstants' '[Ljava/lang/Object;' @76  null (0x00000000)
 - private volatile transient 'enumConstantDirectory' 'Ljava/util/Map;' @80  null (0x00000000)
 - private volatile transient 'annotationData' 'Ljava/lang/Class$AnnotationData;' @84  null (0x00000000)
 - private volatile transient 'annotationType' 'Lsun/reflect/annotation/AnnotationType;' @88  null (0x00000000)
 - transient 'classValueMap' 'Ljava/lang/ClassValue$ClassValueMap;' @92  null (0x00000000)
 - injected 'protection_domain' 'Ljava/lang/Object;' @96  null (0x00000000)
 - injected 'signers_name' 'Ljava/lang/Object;' @100  null (0x00000000)
 - injected 'source_file' 'Ljava/lang/Object;' @104  null (0x00000000)
 - injected '<init_lock>' 'Ljava/lang/Object;' @108  null (0x00000000)
 - signature: Ljava/lang/invoke/DirectMethodHandle$Holder;
 - ---- static fields (0):
stack at sp + 7 slots: {method} {0x00000237980b5bd8} 'newInvokeSpecial' '(Ljava/lang/Object;)Ljava/lang/Object;' in 'java/lang/invoke/DirectMethodHandle$Holder'

MethodHandle::interpreter_entry::_linkToSpecial [0x000002378f710fe8, 0x000002378f711037] (79 bytes)
[MachCode]
  0x000002378f710fe8: 6666 660f | 1f84 0000 | 0000 000f | 1f80 0000 | 0000 660f | 1f44 0000 | 488b 5308 | 0fb7 522e 
  0x000002378f711008: 488b 0cd4 | 585b 5048 | 3b01 8b5b | 2448 8b5b | 1048 85db | 0f84 1000 | 0000 4180 | bfd8 0500 
  0x000002378f711028: 0000 7403 | ff63 38ff | 6350 e9c9 | 
[/MachCode]

---------------  P R O C E S S  ---------------

Threads class SMR info:
_java_thread_list=0x00000237de67bec0, length=27, elements={
0x000002378bd4abc0, 0x0000023796fd9740, 0x0000023796fd9f50, 0x0000023796fe3cd0,
0x0000023796fe4330, 0x0000023796febfb0, 0x0000023796ff2920, 0x0000023797000860,
0x0000023796ff49f0, 0x00000237971808b0, 0x0000023797181560, 0x0000023797178b40,
0x0000023796ff1570, 0x0000023796ff1c00, 0x0000023796ff3640, 0x0000023796ff2290,
0x0000023796ff2fb0, 0x0000023796ff3cd0, 0x0000023796ff4360, 0x00000237dd170740,
0x00000237dd170dd0, 0x00000237dd171af0, 0x00000237dd171460, 0x00000237dd172810,
0x00000237dd172ea0, 0x00000237dd173530, 0x00000237dd1700b0
}

Java Threads: ( => current thread )
  0x000002378bd4abc0 JavaThread "main"                              [_thread_blocked, id=7628, stack(0x000000d67a300000,0x000000d67a400000) (1024K)]
  0x0000023796fd9740 JavaThread "Reference Handler"          daemon [_thread_blocked, id=9576, stack(0x000000d67ab00000,0x000000d67ac00000) (1024K)]
  0x0000023796fd9f50 JavaThread "Finalizer"                  daemon [_thread_blocked, id=12996, stack(0x000000d67ac00000,0x000000d67ad00000) (1024K)]
  0x0000023796fe3cd0 JavaThread "Signal Dispatcher"          daemon [_thread_blocked, id=13648, stack(0x000000d67ad00000,0x000000d67ae00000) (1024K)]
  0x0000023796fe4330 JavaThread "Attach Listener"            daemon [_thread_blocked, id=11080, stack(0x000000d67ae00000,0x000000d67af00000) (1024K)]
  0x0000023796febfb0 JavaThread "Service Thread"             daemon [_thread_blocked, id=15136, stack(0x000000d67af00000,0x000000d67b000000) (1024K)]
  0x0000023796ff2920 JavaThread "Monitor Deflation Thread"   daemon [_thread_blocked, id=4408, stack(0x000000d67b000000,0x000000d67b100000) (1024K)]
  0x0000023797000860 JavaThread "C1 CompilerThread0"         daemon [_thread_blocked, id=13952, stack(0x000000d67b100000,0x000000d67b200000) (1024K)]
  0x0000023796ff49f0 JavaThread "Common-Cleaner"             daemon [_thread_blocked, id=4500, stack(0x000000d67b200000,0x000000d67b300000) (1024K)]
  0x00000237971808b0 JavaThread "JDWP Transport Listener: dt_socket" daemon [_thread_blocked, id=13740, stack(0x000000d67b400000,0x000000d67b500000) (1024K)]
  0x0000023797181560 JavaThread "JDWP Event Helper Thread"   daemon [_thread_blocked, id=7596, stack(0x000000d67b500000,0x000000d67b600000) (1024K)]
  0x0000023797178b40 JavaThread "JDWP Command Reader"        daemon [_thread_in_native, id=17292, stack(0x000000d67b600000,0x000000d67b700000) (1024K)]
  0x0000023796ff1570 JavaThread "Notification Thread"        daemon [_thread_blocked, id=12988, stack(0x000000d67b700000,0x000000d67b800000) (1024K)]
  0x0000023796ff1c00 JavaThread "RMI TCP Accept-0"           daemon [_thread_in_native, id=16188, stack(0x000000d67ba00000,0x000000d67bb00000) (1024K)]
  0x0000023796ff3640 JavaThread "RMI TCP Accept-53791"       daemon [_thread_in_native, id=14564, stack(0x000000d67bb00000,0x000000d67bc00000) (1024K)]
  0x0000023796ff2290 JavaThread "RMI TCP Accept-0"           daemon [_thread_in_native, id=13360, stack(0x000000d67c300000,0x000000d67c400000) (1024K)]
  0x0000023796ff2fb0 JavaThread "RMI TCP Connection(1)-127.0.0.1" daemon [_thread_in_native, id=12912, stack(0x000000d67c400000,0x000000d67c500000) (1024K)]
  0x0000023796ff3cd0 JavaThread "RMI Scheduler(0)"           daemon [_thread_blocked, id=17120, stack(0x000000d67c500000,0x000000d67c600000) (1024K)]
  0x0000023796ff4360 JavaThread "RMI TCP Connection(2)-127.0.0.1" daemon [_thread_in_native, id=10444, stack(0x000000d67c600000,0x000000d67c700000) (1024K)]
  0x00000237dd170740 JavaThread "JMX server connection timeout 38" daemon [_thread_blocked, id=8844, stack(0x000000d67c700000,0x000000d67c800000) (1024K)]
  0x00000237dd170dd0 JavaThread "Thread-0"                          [_thread_blocked, id=11744, stack(0x000000d67c800000,0x000000d67c900000) (1024K)]
=>0x00000237dd171af0 JavaThread "restartedMain"                     [_thread_in_Java, id=10832, stack(0x000000d67c900000,0x000000d67ca00000) (1024K)]
  0x00000237dd171460 JavaThread "Catalina-utility-1"                [_thread_blocked, id=6684, stack(0x000000d67ca00000,0x000000d67cb00000) (1024K)]
  0x00000237dd172810 JavaThread "Catalina-utility-2"                [_thread_blocked, id=7800, stack(0x000000d67cc00000,0x000000d67cd00000) (1024K)]
  0x00000237dd172ea0 JavaThread "container-0"                       [_thread_blocked, id=11608, stack(0x000000d67cd00000,0x000000d67ce00000) (1024K)]
  0x00000237dd173530 JavaThread "mysql-cj-abandoned-connection-cleanup" daemon [_thread_blocked, id=8008, stack(0x000000d67ce00000,0x000000d67cf00000) (1024K)]
  0x00000237dd1700b0 JavaThread "HikariPool-1 housekeeper"   daemon [_thread_blocked, id=8272, stack(0x000000d67d000000,0x000000d67d100000) (1024K)]
Total: 27

Other Threads:
  0x0000023796fbd4a0 VMThread "VM Thread"                           [id=16128, stack(0x000000d67aa00000,0x000000d67ab00000) (1024K)] _threads_hazard_ptr=0x00000237de67bec0
  0x0000023796fa96b0 WatcherThread "VM Periodic Task Thread"        [id=1580, stack(0x000000d67a900000,0x000000d67aa00000) (1024K)]
  0x000002378bd931c0 WorkerThread "GC Thread#0"                     [id=720, stack(0x000000d67a400000,0x000000d67a500000) (1024K)]
  0x0000023797b691f0 WorkerThread "GC Thread#1"                     [id=14040, stack(0x000000d67bc00000,0x000000d67bd00000) (1024K)]
  0x0000023797bb2210 WorkerThread "GC Thread#2"                     [id=17520, stack(0x000000d67bd00000,0x000000d67be00000) (1024K)]
  0x0000023797bb25b0 WorkerThread "GC Thread#3"                     [id=12272, stack(0x000000d67be00000,0x000000d67bf00000) (1024K)]
  0x0000023797bb2950 WorkerThread "GC Thread#4"                     [id=15292, stack(0x000000d67bf00000,0x000000d67c000000) (1024K)]
  0x0000023797bb2cf0 WorkerThread "GC Thread#5"                     [id=12764, stack(0x000000d67c000000,0x000000d67c100000) (1024K)]
  0x0000023797bb3090 WorkerThread "GC Thread#6"                     [id=16836, stack(0x000000d67c100000,0x000000d67c200000) (1024K)]
  0x0000023797bb7850 WorkerThread "GC Thread#7"                     [id=3500, stack(0x000000d67c200000,0x000000d67c300000) (1024K)]
  0x000002378bd9fef0 ConcurrentGCThread "G1 Main Marker"            [id=2892, stack(0x000000d67a500000,0x000000d67a600000) (1024K)]
  0x000002378bda2dd0 WorkerThread "G1 Conc#0"                       [id=12548, stack(0x000000d67a600000,0x000000d67a700000) (1024K)]
  0x00000237dd849c00 WorkerThread "G1 Conc#1"                       [id=13980, stack(0x000000d67cb00000,0x000000d67cc00000) (1024K)]
  0x000002378bdfe620 ConcurrentGCThread "G1 Refine#0"               [id=344, stack(0x000000d67a700000,0x000000d67a800000) (1024K)]
  0x000002378bdfeb50 ConcurrentGCThread "G1 Service"                [id=8184, stack(0x000000d67a800000,0x000000d67a900000) (1024K)]
Total: 15

Threads with active compile tasks:
Total: 0

VM state: synchronizing (normal execution)

VM Mutex/Monitor currently owned by a thread:  ([mutex/lock_event])
[0x00007fffa3aae308] Threads_lock - owner thread: 0x0000023796fbd4a0

Heap address: 0x00000000a0e00000, size: 1522 MB, Compressed Oops mode: 32-bit

CDS archive(s) mapped at: [0x0000023798000000-0x0000023798c80000-0x0000023798c80000), size 13107200, SharedBaseAddress: 0x0000023798000000, ArchiveRelocationMode: 1.
Compressed class space mapped at: 0x0000023799000000-0x00000237d9000000, reserved size: 1073741824
Narrow klass base: 0x0000023798000000, Narrow klass shift: 0, Narrow klass range: 0x100000000

GC Precious Log:
 CardTable entry size: 512
 Card Set container configuration: InlinePtr #cards 5 size 8 Array Of Cards #cards 12 size 40 Howl #buckets 4 coarsen threshold 1843 Howl Bitmap #cards 512 size 80 coarsen threshold 460 Card regions per heap region 1 cards per card region 2048
 CPUs: 8 total, 8 available
 Memory: 6082M
 Large Page Support: Disabled
 NUMA Support: Disabled
 Compressed Oops: Enabled (32-bit)
 Heap Region Size: 1M
 Heap Min Capacity: 8M
 Heap Initial Capacity: 96M
 Heap Max Capacity: 1522M
 Pre-touch: Disabled
 Parallel Workers: 8
 Concurrent Workers: 2
 Concurrent Refinement Workers: 8
 Periodic GC: Disabled

Heap:
 garbage-first heap   total 71680K, used 26874K [0x00000000a0e00000, 0x0000000100000000)
  region size 1024K, 6 young (6144K), 3 survivors (3072K)
 Metaspace       used 55020K, committed 55552K, reserved 1114112K
  class space    used 7595K, committed 7808K, reserved 1048576K

Heap Regions: E=young(eden), S=young(survivor), O=old, HS=humongous(starts), HC=humongous(continues), CS=collection set, F=free, TAMS=top-at-mark-start, PB=parsable bottom
|   0|0x00000000a0e00000, 0x00000000a0f00000, 0x00000000a0f00000|100%|HS|  |TAMS 0x00000000a0e00000| PB 0x00000000a0e00000| Complete 
|   1|0x00000000a0f00000, 0x00000000a1000000, 0x00000000a1000000|100%| O|  |TAMS 0x00000000a0f00000| PB 0x00000000a0f00000| Untracked 
|   2|0x00000000a1000000, 0x00000000a1100000, 0x00000000a1100000|100%| O|  |TAMS 0x00000000a1000000| PB 0x00000000a1000000| Untracked 
|   3|0x00000000a1100000, 0x00000000a1200000, 0x00000000a1200000|100%| O|  |TAMS 0x00000000a1100000| PB 0x00000000a1100000| Untracked 
|   4|0x00000000a1200000, 0x00000000a1300000, 0x00000000a1300000|100%| O|  |TAMS 0x00000000a1200000| PB 0x00000000a1200000| Untracked 
|   5|0x00000000a1300000, 0x00000000a1400000, 0x00000000a1400000|100%| O|  |TAMS 0x00000000a1300000| PB 0x00000000a1300000| Untracked 
|   6|0x00000000a1400000, 0x00000000a1500000, 0x00000000a1500000|100%| O|  |TAMS 0x00000000a1400000| PB 0x00000000a1400000| Untracked 
|   7|0x00000000a1500000, 0x00000000a1600000, 0x00000000a1600000|100%| O|  |TAMS 0x00000000a1500000| PB 0x00000000a1500000| Untracked 
|   8|0x00000000a1600000, 0x00000000a1700000, 0x00000000a1700000|100%| O|  |TAMS 0x00000000a1600000| PB 0x00000000a1600000| Untracked 
|   9|0x00000000a1700000, 0x00000000a1800000, 0x00000000a1800000|100%| O|  |TAMS 0x00000000a1700000| PB 0x00000000a1700000| Untracked 
|  10|0x00000000a1800000, 0x00000000a1900000, 0x00000000a1900000|100%| O|  |TAMS 0x00000000a1800000| PB 0x00000000a1800000| Untracked 
|  11|0x00000000a1900000, 0x00000000a1900000, 0x00000000a1a00000|  0%| F|  |TAMS 0x00000000a1900000| PB 0x00000000a1900000| Untracked 
|  12|0x00000000a1a00000, 0x00000000a1b00000, 0x00000000a1b00000|100%| O|  |TAMS 0x00000000a1a00000| PB 0x00000000a1a00000| Untracked 
|  13|0x00000000a1b00000, 0x00000000a1c00000, 0x00000000a1c00000|100%| O|  |TAMS 0x00000000a1b00000| PB 0x00000000a1b00000| Untracked 
|  14|0x00000000a1c00000, 0x00000000a1d00000, 0x00000000a1d00000|100%| O|  |TAMS 0x00000000a1c00000| PB 0x00000000a1c00000| Untracked 
|  15|0x00000000a1d00000, 0x00000000a1e00000, 0x00000000a1e00000|100%| O|  |TAMS 0x00000000a1d00000| PB 0x00000000a1d00000| Untracked 
|  16|0x00000000a1e00000, 0x00000000a1f00000, 0x00000000a1f00000|100%| O|  |TAMS 0x00000000a1e00000| PB 0x00000000a1e00000| Untracked 
|  17|0x00000000a1f00000, 0x00000000a2000000, 0x00000000a2000000|100%| O|  |TAMS 0x00000000a1f00000| PB 0x00000000a1f00000| Untracked 
|  18|0x00000000a2000000, 0x00000000a2100000, 0x00000000a2100000|100%| O|  |TAMS 0x00000000a2000000| PB 0x00000000a2000000| Untracked 
|  19|0x00000000a2100000, 0x00000000a2200000, 0x00000000a2200000|100%| O|  |TAMS 0x00000000a2100000| PB 0x00000000a2100000| Untracked 
|  20|0x00000000a2200000, 0x00000000a2300000, 0x00000000a2300000|100%| O|  |TAMS 0x00000000a2200000| PB 0x00000000a2200000| Untracked 
|  21|0x00000000a2300000, 0x00000000a2400000, 0x00000000a2400000|100%| O|  |TAMS 0x00000000a2300000| PB 0x00000000a2300000| Untracked 
|  22|0x00000000a2400000, 0x00000000a2466378, 0x00000000a2500000| 39%| O|  |TAMS 0x00000000a2400000| PB 0x00000000a2400000| Untracked 
|  23|0x00000000a2500000, 0x00000000a2500000, 0x00000000a2600000|  0%| F|  |TAMS 0x00000000a2500000| PB 0x00000000a2500000| Untracked 
|  24|0x00000000a2600000, 0x00000000a2600000, 0x00000000a2700000|  0%| F|  |TAMS 0x00000000a2600000| PB 0x00000000a2600000| Untracked 
|  25|0x00000000a2700000, 0x00000000a2700000, 0x00000000a2800000|  0%| F|  |TAMS 0x00000000a2700000| PB 0x00000000a2700000| Untracked 
|  26|0x00000000a2800000, 0x00000000a2800000, 0x00000000a2900000|  0%| F|  |TAMS 0x00000000a2800000| PB 0x00000000a2800000| Untracked 
|  27|0x00000000a2900000, 0x00000000a2900000, 0x00000000a2a00000|  0%| F|  |TAMS 0x00000000a2900000| PB 0x00000000a2900000| Untracked 
|  28|0x00000000a2a00000, 0x00000000a2a00000, 0x00000000a2b00000|  0%| F|  |TAMS 0x00000000a2a00000| PB 0x00000000a2a00000| Untracked 
|  29|0x00000000a2b00000, 0x00000000a2b00000, 0x00000000a2c00000|  0%| F|  |TAMS 0x00000000a2b00000| PB 0x00000000a2b00000| Untracked 
|  30|0x00000000a2c00000, 0x00000000a2cd8680, 0x00000000a2d00000| 84%| S|CS|TAMS 0x00000000a2c00000| PB 0x00000000a2c00000| Complete 
|  31|0x00000000a2d00000, 0x00000000a2e00000, 0x00000000a2e00000|100%| S|CS|TAMS 0x00000000a2d00000| PB 0x00000000a2d00000| Complete 
|  32|0x00000000a2e00000, 0x00000000a2f00000, 0x00000000a2f00000|100%| S|CS|TAMS 0x00000000a2e00000| PB 0x00000000a2e00000| Complete 
|  33|0x00000000a2f00000, 0x00000000a2f00000, 0x00000000a3000000|  0%| F|  |TAMS 0x00000000a2f00000| PB 0x00000000a2f00000| Untracked 
|  34|0x00000000a3000000, 0x00000000a3000000, 0x00000000a3100000|  0%| F|  |TAMS 0x00000000a3000000| PB 0x00000000a3000000| Untracked 
|  35|0x00000000a3100000, 0x00000000a3100000, 0x00000000a3200000|  0%| F|  |TAMS 0x00000000a3100000| PB 0x00000000a3100000| Untracked 
|  36|0x00000000a3200000, 0x00000000a3200000, 0x00000000a3300000|  0%| F|  |TAMS 0x00000000a3200000| PB 0x00000000a3200000| Untracked 
|  37|0x00000000a3300000, 0x00000000a3300000, 0x00000000a3400000|  0%| F|  |TAMS 0x00000000a3300000| PB 0x00000000a3300000| Untracked 
|  38|0x00000000a3400000, 0x00000000a3400000, 0x00000000a3500000|  0%| F|  |TAMS 0x00000000a3400000| PB 0x00000000a3400000| Untracked 
|  39|0x00000000a3500000, 0x00000000a3500000, 0x00000000a3600000|  0%| F|  |TAMS 0x00000000a3500000| PB 0x00000000a3500000| Untracked 
|  40|0x00000000a3600000, 0x00000000a3600000, 0x00000000a3700000|  0%| F|  |TAMS 0x00000000a3600000| PB 0x00000000a3600000| Untracked 
|  41|0x00000000a3700000, 0x00000000a3700000, 0x00000000a3800000|  0%| F|  |TAMS 0x00000000a3700000| PB 0x00000000a3700000| Untracked 
|  42|0x00000000a3800000, 0x00000000a3800000, 0x00000000a3900000|  0%| F|  |TAMS 0x00000000a3800000| PB 0x00000000a3800000| Untracked 
|  43|0x00000000a3900000, 0x00000000a3900000, 0x00000000a3a00000|  0%| F|  |TAMS 0x00000000a3900000| PB 0x00000000a3900000| Untracked 
|  44|0x00000000a3a00000, 0x00000000a3a00000, 0x00000000a3b00000|  0%| F|  |TAMS 0x00000000a3a00000| PB 0x00000000a3a00000| Untracked 
|  45|0x00000000a3b00000, 0x00000000a3b00000, 0x00000000a3c00000|  0%| F|  |TAMS 0x00000000a3b00000| PB 0x00000000a3b00000| Untracked 
|  46|0x00000000a3c00000, 0x00000000a3c00000, 0x00000000a3d00000|  0%| F|  |TAMS 0x00000000a3c00000| PB 0x00000000a3c00000| Untracked 
|  47|0x00000000a3d00000, 0x00000000a3d00000, 0x00000000a3e00000|  0%| F|  |TAMS 0x00000000a3d00000| PB 0x00000000a3d00000| Untracked 
|  48|0x00000000a3e00000, 0x00000000a3e00000, 0x00000000a3f00000|  0%| F|  |TAMS 0x00000000a3e00000| PB 0x00000000a3e00000| Untracked 
|  49|0x00000000a3f00000, 0x00000000a3f00000, 0x00000000a4000000|  0%| F|  |TAMS 0x00000000a3f00000| PB 0x00000000a3f00000| Untracked 
|  50|0x00000000a4000000, 0x00000000a4000000, 0x00000000a4100000|  0%| F|  |TAMS 0x00000000a4000000| PB 0x00000000a4000000| Untracked 
|  51|0x00000000a4100000, 0x00000000a4100000, 0x00000000a4200000|  0%| F|  |TAMS 0x00000000a4100000| PB 0x00000000a4100000| Untracked 
|  52|0x00000000a4200000, 0x00000000a4200000, 0x00000000a4300000|  0%| F|  |TAMS 0x00000000a4200000| PB 0x00000000a4200000| Untracked 
|  53|0x00000000a4300000, 0x00000000a4300000, 0x00000000a4400000|  0%| F|  |TAMS 0x00000000a4300000| PB 0x00000000a4300000| Untracked 
|  54|0x00000000a4400000, 0x00000000a4400000, 0x00000000a4500000|  0%| F|  |TAMS 0x00000000a4400000| PB 0x00000000a4400000| Untracked 
|  55|0x00000000a4500000, 0x00000000a4500000, 0x00000000a4600000|  0%| F|  |TAMS 0x00000000a4500000| PB 0x00000000a4500000| Untracked 
|  56|0x00000000a4600000, 0x00000000a4600000, 0x00000000a4700000|  0%| F|  |TAMS 0x00000000a4600000| PB 0x00000000a4600000| Untracked 
|  57|0x00000000a4700000, 0x00000000a4700000, 0x00000000a4800000|  0%| F|  |TAMS 0x00000000a4700000| PB 0x00000000a4700000| Untracked 
|  58|0x00000000a4800000, 0x00000000a4800000, 0x00000000a4900000|  0%| F|  |TAMS 0x00000000a4800000| PB 0x00000000a4800000| Untracked 
|  59|0x00000000a4900000, 0x00000000a4900000, 0x00000000a4a00000|  0%| F|  |TAMS 0x00000000a4900000| PB 0x00000000a4900000| Untracked 
|  60|0x00000000a4a00000, 0x00000000a4a00000, 0x00000000a4b00000|  0%| F|  |TAMS 0x00000000a4a00000| PB 0x00000000a4a00000| Untracked 
|  61|0x00000000a4b00000, 0x00000000a4b00000, 0x00000000a4c00000|  0%| F|  |TAMS 0x00000000a4b00000| PB 0x00000000a4b00000| Untracked 
|  62|0x00000000a4c00000, 0x00000000a4c00000, 0x00000000a4d00000|  0%| F|  |TAMS 0x00000000a4c00000| PB 0x00000000a4c00000| Untracked 
|  63|0x00000000a4d00000, 0x00000000a4d00000, 0x00000000a4e00000|  0%| F|  |TAMS 0x00000000a4d00000| PB 0x00000000a4d00000| Untracked 
|  76|0x00000000a5a00000, 0x00000000a5a00000, 0x00000000a5b00000|  0%| F|  |TAMS 0x00000000a5a00000| PB 0x00000000a5a00000| Untracked 
|  77|0x00000000a5b00000, 0x00000000a5b00000, 0x00000000a5c00000|  0%| F|  |TAMS 0x00000000a5b00000| PB 0x00000000a5b00000| Untracked 
|  78|0x00000000a5c00000, 0x00000000a5c00000, 0x00000000a5d00000|  0%| F|  |TAMS 0x00000000a5c00000| PB 0x00000000a5c00000| Untracked 
|  79|0x00000000a5d00000, 0x00000000a5e00000, 0x00000000a5e00000|100%| E|  |TAMS 0x00000000a5d00000| PB 0x00000000a5d00000| Complete 
|  94|0x00000000a6c00000, 0x00000000a6d00000, 0x00000000a6d00000|100%| E|CS|TAMS 0x00000000a6c00000| PB 0x00000000a6c00000| Complete 
|  95|0x00000000a6d00000, 0x00000000a6e00000, 0x00000000a6e00000|100%| E|CS|TAMS 0x00000000a6d00000| PB 0x00000000a6d00000| Complete 

Card table byte_map: [0x0000023792af0000,0x0000023792df0000] _byte_map_base: 0x00000237925e9000

Marking Bits: (CMBitMap*) 0x000002378bd937d0
 Bits: [0x0000023792df0000, 0x00000237945b8000)

Polling page: 0x0000023789950000

Metaspace:

Usage:
  Non-class:     46.31 MB used.
      Class:      7.42 MB used.
       Both:     53.73 MB used.

Virtual space:
  Non-class space:       64.00 MB reserved,      46.62 MB ( 73%) committed,  1 nodes.
      Class space:        1.00 GB reserved,       7.62 MB ( <1%) committed,  1 nodes.
             Both:        1.06 GB reserved,      54.25 MB (  5%) committed. 

Chunk freelists:
   Non-Class:  480.00 KB
       Class:  8.41 MB
        Both:  8.88 MB

MaxMetaspaceSize: unlimited
CompressedClassSpaceSize: 1.00 GB
Initial GC threshold: 21.00 MB
Current GC threshold: 78.56 MB
CDS: on
 - commit_granule_bytes: 65536.
 - commit_granule_words: 8192.
 - virtual_space_node_default_size: 8388608.
 - enlarge_chunks_in_place: 1.
 - use_allocation_guard: 0.


Internal statistics:

num_allocs_failed_limit: 6.
num_arena_births: 582.
num_arena_deaths: 0.
num_vsnodes_births: 2.
num_vsnodes_deaths: 0.
num_space_committed: 868.
num_space_uncommitted: 0.
num_chunks_returned_to_freelist: 6.
num_chunks_taken_from_freelist: 2329.
num_chunk_merges: 6.
num_chunk_splits: 1709.
num_chunks_enlarged: 1391.
num_inconsistent_stats: 0.

CodeCache: size=49152Kb used=10477Kb max_used=12145Kb free=38674Kb
 bounds [0x000002378f6e0000, 0x00000237902c0000, 0x00000237926e0000]
 total_blobs=6055 nmethods=5373 adapters=606
 compilation: enabled
              stopped_count=0, restarted_count=0
 full_count=0

Compilation events (20 events):
Event: 7.798 Thread 0x0000023797000860 5436       1       java.io.ObjectInputStream$PeekInputStream::peek (49 bytes)
Event: 7.798 Thread 0x0000023797000860 nmethod 5436 0x000002378f8c0190 code [0x000002378f8c0340, 0x000002378f8c0498]
Event: 7.798 Thread 0x0000023797000860 5437       1       sun.util.logging.internal.LoggingProviderImpl$JULWrapper::toJUL (40 bytes)
Event: 7.798 Thread 0x0000023797000860 nmethod 5437 0x000002378f8bfe10 code [0x000002378f8bffc0, 0x000002378f8c00d8]
Event: 8.350 Thread 0x0000023797000860 5438       1       java.lang.Long::stringSize (55 bytes)
Event: 8.350 Thread 0x0000023797000860 nmethod 5438 0x000002378f8bfa90 code [0x000002378f8bfc20, 0x000002378f8bfd70]
Event: 8.350 Thread 0x0000023797000860 5439       1       java.lang.Long::getChars (195 bytes)
Event: 8.351 Thread 0x0000023797000860 nmethod 5439 0x000002378f8bf110 code [0x000002378f8bf2e0, 0x000002378f8bf6f8]
Event: 8.902 Thread 0x0000023797000860 5440       1       java.io.ObjectInputStream$BlockDataInputStream::readByte (20 bytes)
Event: 8.903 Thread 0x0000023797000860 nmethod 5440 0x000002378f8bec90 code [0x000002378f8bee40, 0x000002378f8beff8]
Event: 8.903 Thread 0x0000023797000860 5441       1       java.io.ObjectInputStream$BlockDataInputStream::read (62 bytes)
Event: 8.903 Thread 0x0000023797000860 nmethod 5441 0x000002378f8be790 code [0x000002378f8be960, 0x000002378f8beb40]
Event: 8.903 Thread 0x0000023797000860 5442       1       java.io.ObjectInputStream$PeekInputStream::read (47 bytes)
Event: 8.903 Thread 0x0000023797000860 nmethod 5442 0x000002378f8be410 code [0x000002378f8be5c0, 0x000002378f8be718]
Event: 9.405 Thread 0x0000023797000860 5443       1       sun.nio.ch.IOStatus::okayToRetry (22 bytes)
Event: 9.405 Thread 0x0000023797000860 nmethod 5443 0x000002378f8be110 code [0x000002378f8be2a0, 0x000002378f8be378]
Event: 11.467 Thread 0x0000023797000860 5444       1       java.io.ObjectInputStream$BlockDataInputStream::peekByte (20 bytes)
Event: 11.467 Thread 0x0000023797000860 nmethod 5444 0x000002378f8bdc90 code [0x000002378f8bde40, 0x000002378f8bdff8]
Event: 11.467 Thread 0x0000023797000860 5445       1       java.io.ObjectInputStream$BlockDataInputStream::peek (55 bytes)
Event: 11.467 Thread 0x0000023797000860 nmethod 5445 0x000002378f8bd790 code [0x000002378f8bd960, 0x000002378f8bdb38]

GC Heap History (20 events):
Event: 3.064 GC heap before
{Heap before GC invocations=12 (full 0):
 garbage-first heap   total 49152K, used 16114K [0x00000000a0e00000, 0x0000000100000000)
  region size 1024K, 4 young (4096K), 3 survivors (3072K)
 Metaspace       used 28242K, committed 28608K, reserved 1114112K
  class space    used 3722K, committed 3904K, reserved 1048576K
}
Event: 3.067 GC heap after
{Heap after GC invocations=13 (full 0):
 garbage-first heap   total 49152K, used 16403K [0x00000000a0e00000, 0x0000000100000000)
  region size 1024K, 3 young (3072K), 3 survivors (3072K)
 Metaspace       used 28242K, committed 28608K, reserved 1114112K
  class space    used 3722K, committed 3904K, reserved 1048576K
}
Event: 3.410 GC heap before
{Heap before GC invocations=14 (full 0):
 garbage-first heap   total 49152K, used 40979K [0x00000000a0e00000, 0x0000000100000000)
  region size 1024K, 28 young (28672K), 3 survivors (3072K)
 Metaspace       used 30447K, committed 30848K, reserved 1114112K
  class space    used 4106K, committed 4288K, reserved 1048576K
}
Event: 3.414 GC heap after
{Heap after GC invocations=15 (full 0):
 garbage-first heap   total 59392K, used 18189K [0x00000000a0e00000, 0x0000000100000000)
  region size 1024K, 4 young (4096K), 4 survivors (4096K)
 Metaspace       used 30447K, committed 30848K, reserved 1114112K
  class space    used 4106K, committed 4288K, reserved 1048576K
}
Event: 3.737 GC heap before
{Heap before GC invocations=15 (full 0):
 garbage-first heap   total 59392K, used 47885K [0x00000000a0e00000, 0x0000000100000000)
  region size 1024K, 34 young (34816K), 4 survivors (4096K)
 Metaspace       used 32857K, committed 33344K, reserved 1114112K
  class space    used 4366K, committed 4608K, reserved 1048576K
}
Event: 3.742 GC heap after
{Heap after GC invocations=16 (full 0):
 garbage-first heap   total 59392K, used 19510K [0x00000000a0e00000, 0x0000000100000000)
  region size 1024K, 4 young (4096K), 4 survivors (4096K)
 Metaspace       used 32857K, committed 33344K, reserved 1114112K
  class space    used 4366K, committed 4608K, reserved 1048576K
}
Event: 4.009 GC heap before
{Heap before GC invocations=16 (full 0):
 garbage-first heap   total 59392K, used 49206K [0x00000000a0e00000, 0x0000000100000000)
  region size 1024K, 34 young (34816K), 4 survivors (4096K)
 Metaspace       used 35606K, committed 36096K, reserved 1114112K
  class space    used 4720K, committed 4928K, reserved 1048576K
}
Event: 4.012 GC heap after
{Heap after GC invocations=17 (full 0):
 garbage-first heap   total 59392K, used 20212K [0x00000000a0e00000, 0x0000000100000000)
  region size 1024K, 3 young (3072K), 3 survivors (3072K)
 Metaspace       used 35606K, committed 36096K, reserved 1114112K
  class space    used 4720K, committed 4928K, reserved 1048576K
}
Event: 4.321 GC heap before
{Heap before GC invocations=17 (full 0):
 garbage-first heap   total 59392K, used 50932K [0x00000000a0e00000, 0x0000000100000000)
  region size 1024K, 33 young (33792K), 3 survivors (3072K)
 Metaspace       used 38725K, committed 39168K, reserved 1114112K
  class space    used 5304K, committed 5504K, reserved 1048576K
}
Event: 4.324 GC heap after
{Heap after GC invocations=18 (full 0):
 garbage-first heap   total 59392K, used 20731K [0x00000000a0e00000, 0x0000000100000000)
  region size 1024K, 4 young (4096K), 4 survivors (4096K)
 Metaspace       used 38725K, committed 39168K, reserved 1114112K
  class space    used 5304K, committed 5504K, reserved 1048576K
}
Event: 4.647 GC heap before
{Heap before GC invocations=18 (full 0):
 garbage-first heap   total 59392K, used 49403K [0x00000000a0e00000, 0x0000000100000000)
  region size 1024K, 32 young (32768K), 4 survivors (4096K)
 Metaspace       used 43857K, committed 44288K, reserved 1114112K
  class space    used 5877K, committed 6080K, reserved 1048576K
}
Event: 4.650 GC heap after
{Heap after GC invocations=19 (full 0):
 garbage-first heap   total 59392K, used 22299K [0x00000000a0e00000, 0x0000000100000000)
  region size 1024K, 3 young (3072K), 3 survivors (3072K)
 Metaspace       used 43857K, committed 44288K, reserved 1114112K
  class space    used 5877K, committed 6080K, reserved 1048576K
}
Event: 4.929 GC heap before
{Heap before GC invocations=19 (full 0):
 garbage-first heap   total 59392K, used 51995K [0x00000000a0e00000, 0x0000000100000000)
  region size 1024K, 32 young (32768K), 3 survivors (3072K)
 Metaspace       used 47149K, committed 47616K, reserved 1114112K
  class space    used 6387K, committed 6592K, reserved 1048576K
}
Event: 4.933 GC heap after
{Heap after GC invocations=20 (full 0):
 garbage-first heap   total 71680K, used 23508K [0x00000000a0e00000, 0x0000000100000000)
  region size 1024K, 3 young (3072K), 3 survivors (3072K)
 Metaspace       used 47149K, committed 47616K, reserved 1114112K
  class space    used 6387K, committed 6592K, reserved 1048576K
}
Event: 4.984 GC heap before
{Heap before GC invocations=20 (full 0):
 garbage-first heap   total 71680K, used 27604K [0x00000000a0e00000, 0x0000000100000000)
  region size 1024K, 8 young (8192K), 3 survivors (3072K)
 Metaspace       used 47572K, committed 48000K, reserved 1114112K
  class space    used 6453K, committed 6656K, reserved 1048576K
}
Event: 4.987 GC heap after
{Heap after GC invocations=21 (full 0):
 garbage-first heap   total 71680K, used 23638K [0x00000000a0e00000, 0x0000000100000000)
  region size 1024K, 3 young (3072K), 3 survivors (3072K)
 Metaspace       used 47572K, committed 48000K, reserved 1114112K
  class space    used 6453K, committed 6656K, reserved 1048576K
}
Event: 5.353 GC heap before
{Heap before GC invocations=22 (full 0):
 garbage-first heap   total 71680K, used 62550K [0x00000000a0e00000, 0x0000000100000000)
  region size 1024K, 42 young (43008K), 3 survivors (3072K)
 Metaspace       used 51427K, committed 51840K, reserved 1114112K
  class space    used 7042K, committed 7232K, reserved 1048576K
}
Event: 5.357 GC heap after
{Heap after GC invocations=23 (full 0):
 garbage-first heap   total 71680K, used 24399K [0x00000000a0e00000, 0x0000000100000000)
  region size 1024K, 4 young (4096K), 4 survivors (4096K)
 Metaspace       used 51427K, committed 51840K, reserved 1114112K
  class space    used 7042K, committed 7232K, reserved 1048576K
}
Event: 5.784 GC heap before
{Heap before GC invocations=23 (full 0):
 garbage-first heap   total 71680K, used 62287K [0x00000000a0e00000, 0x0000000100000000)
  region size 1024K, 41 young (41984K), 4 survivors (4096K)
 Metaspace       used 54912K, committed 55424K, reserved 1114112K
  class space    used 7575K, committed 7808K, reserved 1048576K
}
Event: 5.789 GC heap after
{Heap after GC invocations=24 (full 0):
 garbage-first heap   total 71680K, used 24826K [0x00000000a0e00000, 0x0000000100000000)
  region size 1024K, 3 young (3072K), 3 survivors (3072K)
 Metaspace       used 54912K, committed 55424K, reserved 1114112K
  class space    used 7575K, committed 7808K, reserved 1048576K
}

Dll operation events (12 events):
Event: 0.014 Loaded shared library C:\Users\Administrator\Downloads\sts-4.31.0.RELEASE\plugins\org.eclipse.justj.openjdk.hotspot.jre.full.win32.x86_64_21.0.7.v20250502-0916\jre\bin\java.dll
Event: 0.045 Loaded shared library C:\Users\Administrator\Downloads\sts-4.31.0.RELEASE\plugins\org.eclipse.justj.openjdk.hotspot.jre.full.win32.x86_64_21.0.7.v20250502-0916\jre\bin\zip.dll
Event: 0.266 Loaded shared library C:\Users\Administrator\Downloads\sts-4.31.0.RELEASE\plugins\org.eclipse.justj.openjdk.hotspot.jre.full.win32.x86_64_21.0.7.v20250502-0916\jre\bin\instrument.dll
Event: 0.273 Loaded shared library C:\Users\Administrator\Downloads\sts-4.31.0.RELEASE\plugins\org.eclipse.justj.openjdk.hotspot.jre.full.win32.x86_64_21.0.7.v20250502-0916\jre\bin\net.dll
Event: 0.274 Loaded shared library C:\Users\Administrator\Downloads\sts-4.31.0.RELEASE\plugins\org.eclipse.justj.openjdk.hotspot.jre.full.win32.x86_64_21.0.7.v20250502-0916\jre\bin\nio.dll
Event: 0.278 Loaded shared library C:\Users\Administrator\Downloads\sts-4.31.0.RELEASE\plugins\org.eclipse.justj.openjdk.hotspot.jre.full.win32.x86_64_21.0.7.v20250502-0916\jre\bin\zip.dll
Event: 0.455 Loaded shared library C:\Users\Administrator\Downloads\sts-4.31.0.RELEASE\plugins\org.eclipse.justj.openjdk.hotspot.jre.full.win32.x86_64_21.0.7.v20250502-0916\jre\bin\jimage.dll
Event: 0.511 Loaded shared library C:\Users\Administrator\Downloads\sts-4.31.0.RELEASE\plugins\org.eclipse.justj.openjdk.hotspot.jre.full.win32.x86_64_21.0.7.v20250502-0916\jre\bin\management.dll
Event: 0.525 Loaded shared library C:\Users\Administrator\Downloads\sts-4.31.0.RELEASE\plugins\org.eclipse.justj.openjdk.hotspot.jre.full.win32.x86_64_21.0.7.v20250502-0916\jre\bin\management_ext.dll
Event: 0.763 Loaded shared library C:\Users\Administrator\Downloads\sts-4.31.0.RELEASE\plugins\org.eclipse.justj.openjdk.hotspot.jre.full.win32.x86_64_21.0.7.v20250502-0916\jre\bin\extnet.dll
Event: 0.795 Loaded shared library C:\Users\Administrator\Downloads\sts-4.31.0.RELEASE\plugins\org.eclipse.justj.openjdk.hotspot.jre.full.win32.x86_64_21.0.7.v20250502-0916\jre\bin\verify.dll
Event: 3.529 Loaded shared library C:\Users\Administrator\Downloads\sts-4.31.0.RELEASE\plugins\org.eclipse.justj.openjdk.hotspot.jre.full.win32.x86_64_21.0.7.v20250502-0916\jre\bin\sunmscapi.dll

Deoptimization events (20 events):
Event: 9.406 Thread 0x0000023796ff4360 DEOPT PACKING pc=0x000002378fec3bf4 sp=0x000000d67c6fe7a0
Event: 9.406 Thread 0x0000023796ff4360 DEOPT UNPACKING pc=0x000002378f734e42 sp=0x000000d67c6fdc90 mode 1
Event: 9.909 Thread 0x0000023796ff4360 DEOPT PACKING pc=0x000002378febbacc sp=0x000000d67c6fe600
Event: 9.909 Thread 0x0000023796ff4360 DEOPT UNPACKING pc=0x000002378f734e42 sp=0x000000d67c6fdaf0 mode 1
Event: 9.909 Thread 0x0000023796ff4360 DEOPT PACKING pc=0x000002378fec3bf4 sp=0x000000d67c6fe7a0
Event: 9.909 Thread 0x0000023796ff4360 DEOPT UNPACKING pc=0x000002378f734e42 sp=0x000000d67c6fdc90 mode 1
Event: 10.461 Thread 0x0000023796ff4360 DEOPT PACKING pc=0x000002378febbacc sp=0x000000d67c6fe600
Event: 10.461 Thread 0x0000023796ff4360 DEOPT UNPACKING pc=0x000002378f734e42 sp=0x000000d67c6fdaf0 mode 1
Event: 10.461 Thread 0x0000023796ff4360 DEOPT PACKING pc=0x000002378fec3bf4 sp=0x000000d67c6fe7a0
Event: 10.461 Thread 0x0000023796ff4360 DEOPT UNPACKING pc=0x000002378f734e42 sp=0x000000d67c6fdc90 mode 1
Event: 10.964 Thread 0x0000023796ff4360 DEOPT PACKING pc=0x000002378febbacc sp=0x000000d67c6fe600
Event: 10.964 Thread 0x0000023796ff4360 DEOPT UNPACKING pc=0x000002378f734e42 sp=0x000000d67c6fdaf0 mode 1
Event: 10.964 Thread 0x0000023796ff4360 DEOPT PACKING pc=0x000002378fec3bf4 sp=0x000000d67c6fe7a0
Event: 10.964 Thread 0x0000023796ff4360 DEOPT UNPACKING pc=0x000002378f734e42 sp=0x000000d67c6fdc90 mode 1
Event: 11.467 Thread 0x0000023796ff4360 DEOPT PACKING pc=0x000002378febbacc sp=0x000000d67c6fe600
Event: 11.467 Thread 0x0000023796ff4360 DEOPT UNPACKING pc=0x000002378f734e42 sp=0x000000d67c6fdaf0 mode 1
Event: 11.467 Thread 0x0000023796ff4360 DEOPT PACKING pc=0x000002378fec3bf4 sp=0x000000d67c6fe7a0
Event: 11.467 Thread 0x0000023796ff4360 DEOPT UNPACKING pc=0x000002378f734e42 sp=0x000000d67c6fdc90 mode 1
Event: 11.487 Thread 0x00000237dd171af0 DEOPT PACKING pc=0x000002378fb1f6b4 sp=0x000000d67c9fdf50
Event: 11.487 Thread 0x00000237dd171af0 DEOPT UNPACKING pc=0x000002378f734e42 sp=0x000000d67c9fd408 mode 0

Classes loaded (20 events):
Event: 5.636 Loading class java/util/TimerTask
Event: 5.636 Loading class java/util/TimerTask done
Event: 5.723 Loading class javax/naming/Reference
Event: 5.723 Loading class javax/naming/Reference done
Event: 5.727 Loading class java/util/ArrayList$ListItr
Event: 5.727 Loading class java/util/ArrayList$ListItr done
Event: 5.738 Loading class java/lang/ObjectCustomizer
Event: 5.738 Loading class java/lang/ObjectCustomizer done
Event: 5.738 Loading class java/lang/ObjectCustomizer
Event: 5.738 Loading class java/lang/ObjectCustomizer done
Event: 5.756 Loading class java/lang/ObjectCustomizer
Event: 5.756 Loading class java/lang/ObjectCustomizer done
Event: 5.756 Loading class java/lang/ObjectCustomizer
Event: 5.756 Loading class java/lang/ObjectCustomizer done
Event: 5.771 Loading class java/time/DurationEditor
Event: 5.771 Loading class java/time/DurationEditor done
Event: 5.783 Loading class java/lang/ObjectCustomizer
Event: 5.783 Loading class java/lang/ObjectCustomizer done
Event: 5.783 Loading class java/lang/ObjectCustomizer
Event: 5.783 Loading class java/lang/ObjectCustomizer done

Classes unloaded (0 events):
No events

Classes redefined (1 events):
Event: 11.503 Thread 0x0000023796fbd4a0 redefined class name=com.contactManager.controllers.GlobalControllerAdvice, count=1

Internal exceptions (20 events):
Event: 5.740 Thread 0x00000237dd171af0 Exception <a 'java/lang/ClassNotFoundException'{0x00000000a313c770}: com/contactManager/Securityconfig/SecurityConfigurationCustomizer> (0x00000000a313c770) 
thrown [s\src\hotspot\share\classfile\systemDictionary.cpp, line 312]
Event: 5.742 Thread 0x00000237dd171af0 Exception <a 'java/lang/ClassNotFoundException'{0x00000000a3146368}: com/contactManager/Securityconfig/SecurityConfiguration$$EnhancerBySpringCGLIB$$882b6e41Customizer> (0x00000000a3146368) 
thrown [s\src\hotspot\share\classfile\systemDictionary.cpp, line 312]
Event: 5.743 Thread 0x00000237dd171af0 Exception <a 'java/lang/ClassNotFoundException'{0x00000000a315b620}: org/springframework/context/annotation/ConfigurationClassEnhancer$EnhancedConfigurationCustomizer> (0x00000000a315b620) 
thrown [s\src\hotspot\share\classfile\systemDictionary.cpp, line 312]
Event: 5.744 Thread 0x00000237dd171af0 Exception <a 'java/lang/ClassNotFoundException'{0x00000000a31602a0}: org/springframework/beans/factory/BeanFactoryAwareCustomizer> (0x00000000a31602a0) 
thrown [s\src\hotspot\share\classfile\systemDictionary.cpp, line 312]
Event: 5.744 Thread 0x00000237dd171af0 Exception <a 'java/lang/ClassNotFoundException'{0x00000000a3165f30}: org/springframework/beans/factory/AwareCustomizer> (0x00000000a3165f30) 
thrown [s\src\hotspot\share\classfile\systemDictionary.cpp, line 312]
Event: 5.745 Thread 0x00000237dd171af0 Exception <a 'java/lang/ClassNotFoundException'{0x00000000a316b0f0}: org/springframework/security/config/annotation/web/WebSecurityConfigurerCustomizer> (0x00000000a316b0f0) 
thrown [s\src\hotspot\share\classfile\systemDictionary.cpp, line 312]
Event: 5.745 Thread 0x00000237dd171af0 Exception <a 'java/lang/ClassNotFoundException'{0x00000000a31703c8}: org/springframework/security/config/annotation/SecurityConfigurerCustomizer> (0x00000000a31703c8) 
thrown [s\src\hotspot\share\classfile\systemDictionary.cpp, line 312]
Event: 5.756 Thread 0x00000237dd171af0 Exception <a 'java/lang/ClassNotFoundException'{0x00000000a305a2d0}: java/lang/ObjectCustomizer> (0x00000000a305a2d0) 
thrown [s\src\hotspot\share\classfile\systemDictionary.cpp, line 312]
Event: 5.757 Thread 0x00000237dd171af0 Exception <a 'java/lang/ClassNotFoundException'{0x00000000a3063130}: org/springframework/security/config/annotation/authentication/configuration/AuthenticationConfigurationCustomizer> (0x00000000a3063130) 
thrown [s\src\hotspot\share\classfile\systemDictionary.cpp, line 312]
Event: 5.783 Thread 0x00000237dd171af0 Exception <a 'java/lang/ClassNotFoundException'{0x00000000a2ff3b00}: java/lang/ObjectCustomizer> (0x00000000a2ff3b00) 
thrown [s\src\hotspot\share\classfile\systemDictionary.cpp, line 312]
Event: 5.784 Thread 0x00000237dd171af0 Exception <a 'java/lang/ClassNotFoundException'{0x00000000a2ffcb10}: org/springframework/web/servlet/config/annotation/WebMvcConfigurationSupportCustomizer> (0x00000000a2ffcb10) 
thrown [s\src\hotspot\share\classfile\systemDictionary.cpp, line 312]
Event: 5.790 Thread 0x00000237dd171af0 Exception <a 'java/lang/ClassNotFoundException'{0x00000000a6d11f30}: org/springframework/web/servlet/config/annotation/DelegatingWebMvcConfigurationCustomizer> (0x00000000a6d11f30) 
thrown [s\src\hotspot\share\classfile\systemDictionary.cpp, line 312]
Event: 5.791 Thread 0x00000237dd171af0 Exception <a 'java/lang/ClassNotFoundException'{0x00000000a6d1c778}: org/springframework/boot/autoconfigure/web/servlet/WebMvcAutoConfiguration$EnableWebMvcConfigurationCustomizer> (0x00000000a6d1c778) 
thrown [s\src\hotspot\share\classfile\systemDictionary.cpp, line 312]
Event: 5.792 Thread 0x00000237dd171af0 Exception <a 'java/lang/ClassNotFoundException'{0x00000000a6d2f7a0}: org/springframework/context/ResourceLoaderAwareCustomizer> (0x00000000a6d2f7a0) 
thrown [s\src\hotspot\share\classfile\systemDictionary.cpp, line 312]
Event: 5.792 Thread 0x00000237dd171af0 Exception <a 'java/lang/ClassNotFoundException'{0x00000000a6d35578}: org/springframework/beans/factory/AwareCustomizer> (0x00000000a6d35578) 
thrown [s\src\hotspot\share\classfile\systemDictionary.cpp, line 312]
Event: 5.793 Thread 0x00000237dd171af0 Exception <a 'java/lang/ClassNotFoundException'{0x00000000a6d3aaa8}: org/springframework/context/ApplicationContextAwareCustomizer> (0x00000000a6d3aaa8) 
thrown [s\src\hotspot\share\classfile\systemDictionary.cpp, line 312]
Event: 5.794 Thread 0x00000237dd171af0 Exception <a 'java/lang/ClassNotFoundException'{0x00000000a6d41398}: org/springframework/beans/factory/AwareCustomizer> (0x00000000a6d41398) 
thrown [s\src\hotspot\share\classfile\systemDictionary.cpp, line 312]
Event: 5.794 Thread 0x00000237dd171af0 Exception <a 'java/lang/ClassNotFoundException'{0x00000000a6d468a0}: org/springframework/web/context/ServletContextAwareCustomizer> (0x00000000a6d468a0) 
thrown [s\src\hotspot\share\classfile\systemDictionary.cpp, line 312]
Event: 5.795 Thread 0x00000237dd171af0 Exception <a 'java/lang/ClassNotFoundException'{0x00000000a6d4cad8}: org/springframework/beans/factory/AwareCustomizer> (0x00000000a6d4cad8) 
thrown [s\src\hotspot\share\classfile\systemDictionary.cpp, line 312]
Event: 5.797 Thread 0x00000237dd171af0 Exception <a 'java/lang/NoSuchMethodError'{0x00000000a6d6ef68}: 'java.lang.Object java.lang.invoke.DirectMethodHandle$Holder.newInvokeSpecial(java.lang.Object, java.lang.Object, java.lang.Object, java.lang.Object, java.lang.Object, java.lang.Object, java.lang.Object, java.lang.Object)'> (0x00000000a6d6ef68) 
thrown [s\src\hotspot\share\interpreter\linkResolver.cpp, line 773]

ZGC Phase Switch (0 events):
No events

VM Operations (20 events):
Event: 6.183 Executing VM operation: get/set locals
Event: 6.183 Executing VM operation: get/set locals done
Event: 6.184 Executing VM operation: get/set locals
Event: 6.184 Executing VM operation: get/set locals done
Event: 6.188 Executing VM operation: get/set locals
Event: 6.188 Executing VM operation: get/set locals done
Event: 6.189 Executing VM operation: get/set locals
Event: 6.189 Executing VM operation: get/set locals done
Event: 6.190 Executing VM operation: get/set locals
Event: 6.190 Executing VM operation: get/set locals done
Event: 6.191 Executing VM operation: get/set locals
Event: 6.191 Executing VM operation: get/set locals done
Event: 11.486 Executing VM operation: ChangeSingleStep
Event: 11.486 Executing VM operation: ChangeSingleStep done
Event: 11.487 Executing VM operation: ChangeSingleStep
Event: 11.487 Executing VM operation: ChangeSingleStep done
Event: 11.498 Executing VM operation: RedefineClasses
Event: 11.518 Executing VM operation: RedefineClasses done
Event: 11.519 Executing VM operation: ChangeSingleStep
Event: 11.519 Executing VM operation: ChangeSingleStep done

Memory protections (0 events):
No events

Nmethod flushes (20 events):
Event: 5.005 Thread 0x0000023796fbd4a0 flushing  nmethod 0x000002378fde0810
Event: 5.005 Thread 0x0000023796fbd4a0 flushing  nmethod 0x000002378fe2de90
Event: 5.005 Thread 0x0000023796fbd4a0 flushing  nmethod 0x000002378fe6c390
Event: 5.005 Thread 0x0000023796fbd4a0 flushing  nmethod 0x000002378fe6c810
Event: 5.005 Thread 0x0000023796fbd4a0 flushing  nmethod 0x000002378ff0d890
Event: 5.005 Thread 0x0000023796fbd4a0 flushing  nmethod 0x000002378fb61c10
Event: 5.005 Thread 0x0000023796fbd4a0 flushing  nmethod 0x000002378fda4610
Event: 5.005 Thread 0x0000023796fbd4a0 flushing  nmethod 0x000002378fe9f490
Event: 5.005 Thread 0x0000023796fbd4a0 flushing  nmethod 0x000002378fef6590
Event: 5.005 Thread 0x0000023796fbd4a0 flushing  nmethod 0x000002378ff38710
Event: 5.005 Thread 0x0000023796fbd4a0 flushing  nmethod 0x000002378ff23610
Event: 5.005 Thread 0x0000023796fbd4a0 flushing  nmethod 0x000002378ff8c410
Event: 5.005 Thread 0x0000023796fbd4a0 flushing  nmethod 0x000002378fbbf910
Event: 5.005 Thread 0x0000023796fbd4a0 flushing  nmethod 0x000002378fcea010
Event: 5.005 Thread 0x0000023796fbd4a0 flushing  nmethod 0x000002378ff61890
Event: 5.005 Thread 0x0000023796fbd4a0 flushing  nmethod 0x000002379003e690
Event: 5.005 Thread 0x0000023796fbd4a0 flushing  nmethod 0x000002378fbc7490
Event: 5.005 Thread 0x0000023796fbd4a0 flushing  nmethod 0x000002378fcf8410
Event: 5.005 Thread 0x0000023796fbd4a0 flushing  nmethod 0x000002378ff2b790
Event: 5.005 Thread 0x0000023796fbd4a0 flushing  nmethod 0x000002378ff35690

Events (20 events):
Event: 0.981 Thread 0x0000023796ff3640 Thread added: 0x0000023796ff2fb0
Event: 1.000 Thread 0x0000023796ff2fb0 Thread added: 0x0000023796ff3cd0
Event: 1.003 Thread 0x0000023796ff1c00 Thread added: 0x0000023796ff4360
Event: 1.024 Thread 0x0000023796ff4360 Thread added: 0x00000237dd170740
Event: 1.251 Thread 0x000002378bd4abc0 Thread added: 0x00000237dd170dd0
Event: 1.263 Thread 0x00000237dd170dd0 Thread added: 0x00000237dd171af0
Event: 1.599 Thread 0x00000237dd171af0 Thread added: 0x00000237dd172ea0
Event: 1.998 Thread 0x00000237dd171af0 Thread added: 0x00000237dd171460
Event: 2.077 Thread 0x00000237dd171460 Thread exited: 0x00000237dd171460
Event: 2.228 Thread 0x00000237dd172ea0 Thread exited: 0x00000237dd172ea0
Event: 3.764 Thread 0x00000237dd171af0 Thread added: 0x00000237dd171460
Event: 3.765 Thread 0x00000237dd171460 Thread added: 0x00000237dd172810
Event: 3.770 Thread 0x00000237dd171af0 Thread added: 0x00000237dd172ea0
Event: 3.790 Thread 0x00000237dd171af0 Thread added: 0x00000237dd173530
Event: 4.724 Thread 0x00000237dd171af0 Thread added: 0x00000237dd1700b0
Event: 4.827 Thread 0x00000237dd1700b0 Thread added: 0x00000237dd1748e0
Event: 6.744 Thread 0x0000023797a2dce0 Thread exited: 0x0000023797a2dce0
Event: 7.295 Thread 0x0000023797a2d640 Thread exited: 0x0000023797a2d640
Event: 7.797 Thread 0x00000237970f1b70 Thread exited: 0x00000237970f1b70
Event: 9.978 Thread 0x00000237dd1748e0 Thread exited: 0x00000237dd1748e0


Dynamic libraries:
0x00007ff75f000000 - 0x00007ff75f00e000 	C:\Users\Administrator\Downloads\sts-4.31.0.RELEASE\plugins\org.eclipse.justj.openjdk.hotspot.jre.full.win32.x86_64_21.0.7.v20250502-0916\jre\bin\javaw.exe
0x00007ff80dc40000 - 0x00007ff80dea8000 	C:\WINDOWS\SYSTEM32\ntdll.dll
0x00007ff80cf20000 - 0x00007ff80cfe9000 	C:\WINDOWS\System32\KERNEL32.DLL
0x00007ff80a700000 - 0x00007ff80aaf1000 	C:\WINDOWS\System32\KERNELBASE.dll
0x00007ff80a5b0000 - 0x00007ff80a6fb000 	C:\WINDOWS\System32\ucrtbase.dll
0x00007ffffd5b0000 - 0x00007ffffd5c8000 	C:\Users\Administrator\Downloads\sts-4.31.0.RELEASE\plugins\org.eclipse.justj.openjdk.hotspot.jre.full.win32.x86_64_21.0.7.v20250502-0916\jre\bin\jli.dll
0x00007ffff30e0000 - 0x00007ffff30fe000 	C:\Users\Administrator\Downloads\sts-4.31.0.RELEASE\plugins\org.eclipse.justj.openjdk.hotspot.jre.full.win32.x86_64_21.0.7.v20250502-0916\jre\bin\VCRUNTIME140.dll
0x00007ff80d2c0000 - 0x00007ff80d486000 	C:\WINDOWS\System32\USER32.dll
0x00007ffffb630000 - 0x00007ffffb8c3000 	C:\WINDOWS\WinSxS\amd64_microsoft.windows.common-controls_6595b64144ccf1df_6.0.26100.7824_none_3e0870b2e3345462\COMCTL32.dll
0x00007ff80ad20000 - 0x00007ff80ad47000 	C:\WINDOWS\System32\win32u.dll
0x00007ff80cd00000 - 0x00007ff80cda9000 	C:\WINDOWS\System32\msvcrt.dll
0x00007ff80dba0000 - 0x00007ff80dbcb000 	C:\WINDOWS\System32\GDI32.dll
0x00007ff80b8b0000 - 0x00007ff80b9db000 	C:\WINDOWS\System32\gdi32full.dll
0x00007ff80abc0000 - 0x00007ff80ac63000 	C:\WINDOWS\System32\msvcp_win.dll
0x00007ff80ca20000 - 0x00007ff80ca51000 	C:\WINDOWS\System32\IMM32.DLL
0x00007ffffd5a0000 - 0x00007ffffd5ac000 	C:\Users\Administrator\Downloads\sts-4.31.0.RELEASE\plugins\org.eclipse.justj.openjdk.hotspot.jre.full.win32.x86_64_21.0.7.v20250502-0916\jre\bin\vcruntime140_1.dll
0x00007fffe5d60000 - 0x00007fffe5ded000 	C:\Users\Administrator\Downloads\sts-4.31.0.RELEASE\plugins\org.eclipse.justj.openjdk.hotspot.jre.full.win32.x86_64_21.0.7.v20250502-0916\jre\bin\msvcp140.dll
0x00007fffa2e00000 - 0x00007fffa3b90000 	C:\Users\Administrator\Downloads\sts-4.31.0.RELEASE\plugins\org.eclipse.justj.openjdk.hotspot.jre.full.win32.x86_64_21.0.7.v20250502-0916\jre\bin\server\jvm.dll
0x00007ff80c950000 - 0x00007ff80ca04000 	C:\WINDOWS\System32\ADVAPI32.dll
0x00007ff80ca60000 - 0x00007ff80cb06000 	C:\WINDOWS\System32\sechost.dll
0x00007ff80ce00000 - 0x00007ff80cf18000 	C:\WINDOWS\System32\RPCRT4.dll
0x00007ff80d590000 - 0x00007ff80d604000 	C:\WINDOWS\System32\WS2_32.dll
0x00007ff80a3a0000 - 0x00007ff80a3fe000 	C:\WINDOWS\SYSTEM32\POWRPROF.dll
0x00007ff8023d0000 - 0x00007ff802405000 	C:\WINDOWS\SYSTEM32\WINMM.dll
0x00007ff802410000 - 0x00007ff80241b000 	C:\WINDOWS\SYSTEM32\VERSION.dll
0x00007ff80a380000 - 0x00007ff80a394000 	C:\WINDOWS\SYSTEM32\UMPDC.dll
0x00007ff8092c0000 - 0x00007ff8092db000 	C:\WINDOWS\SYSTEM32\kernel.appcore.dll
0x00007ffff6e30000 - 0x00007ffff6e3a000 	C:\Users\Administrator\Downloads\sts-4.31.0.RELEASE\plugins\org.eclipse.justj.openjdk.hotspot.jre.full.win32.x86_64_21.0.7.v20250502-0916\jre\bin\jimage.dll
0x00007ffffb2c0000 - 0x00007ffffb502000 	C:\WINDOWS\SYSTEM32\DBGHELP.DLL
0x00007ff80c400000 - 0x00007ff80c786000 	C:\WINDOWS\System32\combase.dll
0x00007ff80d1e0000 - 0x00007ff80d2b7000 	C:\WINDOWS\System32\OLEAUT32.dll
0x00007ffffa620000 - 0x00007ffffa65b000 	C:\WINDOWS\SYSTEM32\dbgcore.DLL
0x00007ff80ac70000 - 0x00007ff80ad15000 	C:\WINDOWS\System32\bcryptPrimitives.dll
0x00007ffffff60000 - 0x00007ffffff9c000 	C:\Users\Administrator\Downloads\sts-4.31.0.RELEASE\plugins\org.eclipse.justj.openjdk.hotspot.jre.full.win32.x86_64_21.0.7.v20250502-0916\jre\bin\jdwp.dll
0x00007ff807d20000 - 0x00007ff807d2f000 	C:\Users\Administrator\Downloads\sts-4.31.0.RELEASE\plugins\org.eclipse.justj.openjdk.hotspot.jre.full.win32.x86_64_21.0.7.v20250502-0916\jre\bin\instrument.dll
0x00007fffada00000 - 0x00007fffada1f000 	C:\Users\Administrator\Downloads\sts-4.31.0.RELEASE\plugins\org.eclipse.justj.openjdk.hotspot.jre.full.win32.x86_64_21.0.7.v20250502-0916\jre\bin\java.dll
0x00007ff80bca0000 - 0x00007ff80c3f2000 	C:\WINDOWS\System32\SHELL32.dll
0x00007ff80b5c0000 - 0x00007ff80b72a000 	C:\WINDOWS\System32\wintypes.dll
0x00007ff80ad50000 - 0x00007ff80b5b3000 	C:\WINDOWS\System32\windows.storage.dll
0x00007ff80d490000 - 0x00007ff80d586000 	C:\WINDOWS\System32\SHCORE.dll
0x00007ff80d610000 - 0x00007ff80d677000 	C:\WINDOWS\System32\shlwapi.dll
0x00007ff80a440000 - 0x00007ff80a469000 	C:\WINDOWS\SYSTEM32\profapi.dll
0x00007fffad9e0000 - 0x00007fffad9f8000 	C:\Users\Administrator\Downloads\sts-4.31.0.RELEASE\plugins\org.eclipse.justj.openjdk.hotspot.jre.full.win32.x86_64_21.0.7.v20250502-0916\jre\bin\zip.dll
0x00007ff8075f0000 - 0x00007ff8075fb000 	C:\Users\Administrator\Downloads\sts-4.31.0.RELEASE\plugins\org.eclipse.justj.openjdk.hotspot.jre.full.win32.x86_64_21.0.7.v20250502-0916\jre\bin\dt_socket.dll
0x00007ff808ce0000 - 0x00007ff808d14000 	C:\WINDOWS\SYSTEM32\IPHLPAPI.DLL
0x00007ff809830000 - 0x00007ff80989b000 	C:\WINDOWS\system32\mswsock.dll
0x00007ff808d70000 - 0x00007ff808e9c000 	C:\WINDOWS\SYSTEM32\DNSAPI.dll
0x00007ff80dbf0000 - 0x00007ff80dbfa000 	C:\WINDOWS\System32\NSI.dll
0x00007ff8056e0000 - 0x00007ff8056eb000 	C:\Windows\System32\rasadhlp.dll
0x00007fffff810000 - 0x00007fffff896000 	C:\WINDOWS\System32\fwpuclnt.dll
0x00007ffff0620000 - 0x00007ffff0630000 	C:\Users\Administrator\Downloads\sts-4.31.0.RELEASE\plugins\org.eclipse.justj.openjdk.hotspot.jre.full.win32.x86_64_21.0.7.v20250502-0916\jre\bin\net.dll
0x00007ff8022a0000 - 0x00007ff8023c7000 	C:\WINDOWS\SYSTEM32\WINHTTP.dll
0x00007fffad9c0000 - 0x00007fffad9d6000 	C:\Users\Administrator\Downloads\sts-4.31.0.RELEASE\plugins\org.eclipse.justj.openjdk.hotspot.jre.full.win32.x86_64_21.0.7.v20250502-0916\jre\bin\nio.dll
0x00007ffff8450000 - 0x00007ffff845a000 	C:\Users\Administrator\Downloads\sts-4.31.0.RELEASE\plugins\org.eclipse.justj.openjdk.hotspot.jre.full.win32.x86_64_21.0.7.v20250502-0916\jre\bin\management.dll
0x00007ffff7af0000 - 0x00007ffff7afb000 	C:\Users\Administrator\Downloads\sts-4.31.0.RELEASE\plugins\org.eclipse.justj.openjdk.hotspot.jre.full.win32.x86_64_21.0.7.v20250502-0916\jre\bin\management_ext.dll
0x00007ff80db90000 - 0x00007ff80db98000 	C:\WINDOWS\System32\PSAPI.DLL
0x00007ffff7d70000 - 0x00007ffff7d88000 	C:\WINDOWS\system32\napinsp.dll
0x00007ffff7d90000 - 0x00007ffff7da2000 	C:\WINDOWS\System32\winrnr.dll
0x00007ffff7be0000 - 0x00007ffff7c02000 	C:\WINDOWS\system32\nlansp_c.dll
0x00007ff802280000 - 0x00007ff802296000 	C:\WINDOWS\system32\wshbth.dll
0x00007ff809b00000 - 0x00007ff809b1b000 	C:\WINDOWS\SYSTEM32\CRYPTSP.dll
0x00007ff809220000 - 0x00007ff809259000 	C:\WINDOWS\system32\rsaenh.dll
0x00007ff8098e0000 - 0x00007ff80990b000 	C:\WINDOWS\SYSTEM32\USERENV.dll
0x00007ff80a410000 - 0x00007ff80a43a000 	C:\WINDOWS\SYSTEM32\bcrypt.dll
0x00007ff809b20000 - 0x00007ff809b2c000 	C:\WINDOWS\SYSTEM32\CRYPTBASE.dll
0x00007ffff6b60000 - 0x00007ffff6b69000 	C:\Users\Administrator\Downloads\sts-4.31.0.RELEASE\plugins\org.eclipse.justj.openjdk.hotspot.jre.full.win32.x86_64_21.0.7.v20250502-0916\jre\bin\extnet.dll
0x00007ff8042a0000 - 0x00007ff8042b0000 	C:\Users\Administrator\Downloads\sts-4.31.0.RELEASE\plugins\org.eclipse.justj.openjdk.hotspot.jre.full.win32.x86_64_21.0.7.v20250502-0916\jre\bin\verify.dll
0x00007ffffe290000 - 0x00007ffffe29e000 	C:\Users\Administrator\Downloads\sts-4.31.0.RELEASE\plugins\org.eclipse.justj.openjdk.hotspot.jre.full.win32.x86_64_21.0.7.v20250502-0916\jre\bin\sunmscapi.dll
0x00007ff80b730000 - 0x00007ff80b8a7000 	C:\WINDOWS\System32\CRYPT32.dll
0x00007ff809d20000 - 0x00007ff809d50000 	C:\WINDOWS\SYSTEM32\ncrypt.dll
0x00007ff809cd0000 - 0x00007ff809d0f000 	C:\WINDOWS\SYSTEM32\NTASN1.dll

dbghelp: loaded successfully - version: 4.0.5 - missing functions: none
symbol engine: initialized successfully - sym options: 0x614 - pdb path: .;C:\Users\Administrator\Downloads\sts-4.31.0.RELEASE\plugins\org.eclipse.justj.openjdk.hotspot.jre.full.win32.x86_64_21.0.7.v20250502-0916\jre\bin;C:\WINDOWS\SYSTEM32;C:\WINDOWS\WinSxS\amd64_microsoft.windows.common-controls_6595b64144ccf1df_6.0.26100.7824_none_3e0870b2e3345462;C:\Users\Administrator\Downloads\sts-4.31.0.RELEASE\plugins\org.eclipse.justj.openjdk.hotspot.jre.full.win32.x86_64_21.0.7.v20250502-0916\jre\bin\server

VM Arguments:
jvm_args: -XX:+ShowCodeDetailsInExceptionMessages -agentlib:jdwp=transport=dt_socket,suspend=y,address=localhost:53792 -Dcom.sun.management.jmxremote -Dcom.sun.management.jmxremote.port=53791 -Dcom.sun.management.jmxremote.authenticate=false -Dcom.sun.management.jmxremote.ssl=false -Djava.rmi.server.hostname=localhost -Dspring.jmx.enabled=true -Dmanagement.endpoints.jmx.exposure.include=* -Dspring.application.admin.enabled=true -Dspring.output.ansi.enabled=always -XX:TieredStopAtLevel=1 -Dspring.boot.project.name=SmartContactManager -javaagent:C:\Users\Administrator\Downloads\sts-4.31.0.RELEASE\configuration\org.eclipse.osgi\273\0\.cp\lib\javaagent-shaded.jar -Dfile.encoding=UTF-8 -Dstdout.encoding=UTF-8 -Dstderr.encoding=UTF-8 
java_command: com.contactManager.SmartContactManagerApplication
java_class_path (initial): F:\Projects\SpringProjects\SpringBootApplication\SmartContactManager\target\classes;C:\Users\Administrator\.m2\repository\org\springframework\boot\spring-boot-starter-data-jpa\2.7.4\spring-boot-starter-data-jpa-2.7.4.jar;C:\Users\Administrator\.m2\repository\org\springframework\boot\spring-boot-starter-aop\2.7.4\spring-boot-starter-aop-2.7.4.jar;C:\Users\Administrator\.m2\repository\org\aspectj\aspectjweaver\1.9.7\aspectjweaver-1.9.7.jar;C:\Users\Administrator\.m2\repository\org\springframework\boot\spring-boot-starter-jdbc\2.7.4\spring-boot-starter-jdbc-2.7.4.jar;C:\Users\Administrator\.m2\repository\com\zaxxer\HikariCP\4.0.3\HikariCP-4.0.3.jar;C:\Users\Administrator\.m2\repository\org\springframework\spring-jdbc\5.3.23\spring-jdbc-5.3.23.jar;C:\Users\Administrator\.m2\repository\jakarta\transaction\jakarta.transaction-api\1.3.3\jakarta.transaction-api-1.3.3.jar;C:\Users\Administrator\.m2\repository\jakarta\persistence\jakarta.persistence-api\2.2.3\jakarta.persistence-api-2.2.3.jar;C:\Users\Administrator\.m2\repository\org\hibernate\hibernate-core\5.6.11.Final\hibernate-core-5.6.11.Final.jar;C:\Users\Administrator\.m2\repository\net\bytebuddy\byte-buddy\1.12.17\byte-buddy-1.12.17.jar;C:\Users\Administrator\.m2\repository\antlr\antlr\2.7.7\antlr-2.7.7.jar;C:\Users\Administrator\.m2\repository\org\jboss\jandex\2.4.2.Final\jandex-2.4.2.Final.jar;C:\Users\Administrator\.m2\repository\org\hibernate\common\hibernate-commons-annotations\5.1.2.Final\hibernate-commons-annotations-5.1.2.Final.jar;C:\Users\Administrator\.m2\repository\org\glassfish\jaxb\jaxb-runtime\2.3.6\jaxb-runtime-2.3.6.jar;C:\Users\Administrator\.m2\repository\org\glassfish\jaxb\txw2\2.3.6\txw2-2.3.6.jar;C:\Users\Administrator\.m2\repository\com\sun\istack\istack-commons-runtime\3.0.12\istack-commons-runtime-3.0.12.jar;C:\Users\Administrator\.m2\repository\org\springframework\data\spring-data-jpa\2.7.3\spring-data-jpa-2.7.3.jar;C:\Users\Administrator\.m2\repository\org\springframework\data\spring-data-commons\2.7.3\spring-data-commons-2.7.3.jar;C:\Users\Administrator\.m2\repository\org\springframework\spring-orm\5.3.23\spring-orm-5.3.23.jar;C:\Users\Administrator\.m2\repository\org\springframework\spring-context\5.3.23\spring-context-5.3.23.jar;C:\Users\Administrator\.m2\repository\org\springframework\spring-tx\5.3.23\spring-tx-5.3.23.jar;C:\Users\Administrator\.m2\repository\org\springframework\spring-beans\5.3.23\spring-beans-5.3.23.jar;C:\Users\Administrator\.m2\repository\org\slf4j\slf4j-api\1.7.36\slf4j-api-1.7.36.jar;C:\Users\Administrator\.m2\repository\org\springframework\spring-aspects\5.3.23\spring-aspects-5.3.23.jar;C:\Users\Administrator\.m2\repository\org\springframework\boot\spring-boot-starter-thymeleaf\2.7.4\spring-boot-starter-thymeleaf-2.7.4.jar;C:\Users\Administrator\.m2\repository\org\springframework\boot\spring-boot-starter\2.7.4\spring-boot-starter-2.7.4.jar;C:\Users\Administrator\.m2\repository\org\springframework\boot\spring-boot-starter-logging\2.7.4\spring-boot-starter-logging-2.7.4.jar;C:\Users\Administrator\.m2\repository\ch\qos\logback\logback-classic\1.2.11\logback-classic-1.2.11.jar;C:\Users\Administrator\.m2\repository\ch\qos\logback\logback-core\1.2.11\logback-core-1.2.11.jar;C:\Users\Administrator\.m2\repository\org\apache\logging\log4j\log4j-to-slf4j\2.17.2\log4j-to-slf4j-2.17.2.jar;C:\Users\Administrator\.m2\repository\org\apache\logging\log4j\log4j-api\2.17.2\log4j-api-2.17.2.jar;C:\Users\Administrator\.m2\repository\org\slf4j\jul-to-slf4j\1.7.36\jul-to-slf4j-1.7.36.jar;C:\Users\Administrator\.m2\repository\jakarta\annotation\jakarta.annotation-api\1.3.5\jakarta.annotation-api-1.3.5.jar;C:\Users\Administrator\.m2\repository\org\yaml\snakeyaml\1.30\snakeyaml-1.30.jar;C:\Users\Administrator\.m2\repository\org\thymeleaf\thymeleaf-spring5\3.0.15.RELEASE\thymeleaf-spring5-3.0.15.RELEASE.jar;C:\Users\Administrator\.m2\repository\org\thymeleaf\thymeleaf\3.0.15.RELEASE\thymeleaf-3.0.15.RELEASE.jar;C:\Users\Administrator\.m2\repository\org\attoparser\attoparser\2.0.5.RELEASE\attoparser-2.0.5.RELEASE.jar;C:\Users\Administrator\.m2\repository\org\unbescape\unbescape\1.1.6.RELEASE\unbescape-1.1.6.RELEASE.jar;C:\Users\Administrator\.m2\repository\org\thymeleaf\extras\thymeleaf-extras-java8time\3.0.4.RELEASE\thymeleaf-extras-java8time-3.0.4.RELEASE.jar;C:\Users\Administrator\.m2\repository\org\springframework\boot\spring-boot-starter-web\2.7.4\spring-boot-starter-web-2.7.4.jar;C:\Users\Administrator\.m2\repository\org\springframework\boot\spring-boot-starter-json\2.7.4\spring-boot-starter-json-2.7.4.jar;C:\Users\Administrator\.m2\repository\com\fasterxml\jackson\core\jackson-databind\2.13.4\jackson-databind-2.13.4.jar;C:\Users\Administrator\.m2\repository\com\fasterxml\jackson\core\jackson-annotations\2.13.4\jackson-annotations-2.13.4.jar;C:\Users\Administrator\.m2\repository\com\fasterxml\jackson\core\jackson-core\2.13.4\jackson-core-2.13.4.jar;C:\Users\Administrator\.m2\repository\com\fasterxml\jackson\datatype\jackson-datatype-jdk8\2.13.4\jackson-datatype-jdk8-2.13.4.jar;C:\Users\Administrator\.m2\repository\com\fasterxml\jackson\datatype\jackson-datatype-jsr310\2.13.4\jackson-datatype-jsr310-2.13.4.jar;C:\Users\Administrator\.m2\repository\com\fasterxml\jackson\module\jackson-module-parameter-names\2.13.4\jackson-module-parameter-names-2.13.4.jar;C:\Users\Administrator\.m2\repository\org\springframework\boot\spring-boot-starter-tomcat\2.7.4\spring-boot-starter-tomcat-2.7.4.jar;C:\Users\Administrator\.m2\repository\org\apache\tomcat\embed\tomcat-embed-core\9.0.65\tomcat-embed-core-9.0.65.jar;C:\Users\Administrator\.m2\repository\org\apache\tomcat\embed\tomcat-embed-el\9.0.65\tomcat-embed-el-9.0.65.jar;C:\Users\Administrator\.m2\repository\org\apache\tomcat\embed\tomcat-embed-websocket\9.0.65\tomcat-embed-websocket-9.0.65.jar;C:\Users\Administrator\.m2\repository\org\springframework\spring-web\5.3.23\spring-web-5.3.23.jar;C:\Users\Administrator\.m2\repository\org\springframework\spring-webmvc\5.3.23\spring-webmvc-5.3.23.jar;C:\Users\Administrator\.m2\repository\org\springframework\spring-expression\5.3.23\spring-expression-5.3.23.jar;C:\Users\Administrator\.m2\repository\org\springframework\boot\spring-boot-starter-security\2.7.4\spring-boot-starter-security-2.7.4.jar;C:\Users\Administrator\.m2\repository\org\springframework\spring-aop\5.3.23\spring-aop-5.3.23.jar;C:\Users\Administrator\.m2\repository\org\springframework\security\spring-security-config\5.7.3\spring-security-config-5.7.3.jar;C:\Users\Administrator\.m2\repository\org\springframework\security\spring-security-core\5.7.3\spring-security-core-5.7.3.jar;C:\Users\Administrator\.m2\repository\org\springframework\security\spring-security-crypto\5.7.3\spring-security-crypto-5.7.3.jar;C:\Users\Administrator\.m2\repository\org\springframework\security\spring-security-web\5.7.3\spring-security-web-5.7.3.jar;C:\Users\Administrator\.m2\repository\org\springframework\boot\spring-boot-devtools\2.7.4\spring-boot-devtools-2.7.4.jar;C:\Users\Administrator\.m2\repository\org\springframework\boot\spring-boot\2.7.4\spring-boot-2.7.4.jar;C:\Users\Administrator\.m2\repository\org\springframework\boot\spring-boot-autoconfigure\2.7.4\spring-boot-autoconfigure-2.7.4.jar;C:\Users\Administrator\.m2\repository\mysql\mysql-connector-java\8.0.30\mysql-connector-java-8.0.30.jar;C:\Users\Administrator\.m2\repository\org\projectlombok\lombok\1.18.24\lombok-1.18.24.jar;C:\Users\Administrator\.m2\repository\jakarta\xml\bind\jakarta.xml.bind-api\2.3.3\jakarta.xml.bind-api-2.3.3.jar;C:\Users\Administrator\.m2\repository\jakarta\activation\jakarta.activation-api\1.2.2\jakarta.activation-api-1.2.2.jar;C:\Users\Administrator\.m2\repository\org\springframework\spring-core\5.3.23\spring-core-5.3.23.jar;C:\Users\Administrator\.m2\repository\org\springframework\spring-jcl\5.3.23\spring-jcl-5.3.23.jar;C:\Users\Administrator\.m2\repository\javax\validation\validation-api\2.0.1.Final\validation-api-2.0.1.Final.jar;C:\Users\Administrator\.m2\repository\org\hibernate\validator\hibernate-validator\6.1.5.Final\hibernate-validator-6.1.5.Final.jar;C:\Users\Administrator\.m2\repository\jakarta\validation\jakarta.validation-api\2.0.2\jakarta.validation-api-2.0.2.jar;C:\Users\Administrator\.m2\repository\org\jboss\logging\jboss-logging\3.4.3.Final\jboss-logging-3.4.3.Final.jar;C:\Users\Administrator\.m2\repository\com\fasterxml\classmate\1.5.1\classmate-1.5.1.jar;C:\Users\Administrator\.m2\repository\org\springframework\boot\spring-boot-starter-mail\2.7.4\spring-boot-starter-mail-2.7.4.jar;C:\Users\Administrator\.m2\repository\org\springframework\spring-context-support\5.3.23\spring-context-support-5.3.23.jar;C:\Users\Administrator\.m2\repository\com\sun\mail\jakarta.mail\1.6.7\jakarta.mail-1.6.7.jar;C:\Users\Administrator\.m2\repository\com\sun\activation\jakarta.activation\1.2.2\jakarta.activation-1.2.2.jar
Launcher Type: SUN_STANDARD

[Global flags]
     intx CICompilerCount                          = 4                                         {product} {ergonomic}
     uint ConcGCThreads                            = 2                                         {product} {ergonomic}
     uint G1ConcRefinementThreads                  = 8                                         {product} {ergonomic}
   size_t G1HeapRegionSize                         = 1048576                                   {product} {ergonomic}
    uintx GCDrainStackTargetSize                   = 64                                        {product} {ergonomic}
   size_t InitialHeapSize                          = 100663296                                 {product} {ergonomic}
     bool ManagementServer                         = true                                      {product} {command line}
   size_t MarkStackSize                            = 4194304                                   {product} {ergonomic}
   size_t MaxHeapSize                              = 1595932672                                {product} {ergonomic}
   size_t MaxNewSize                               = 957349888                                 {product} {ergonomic}
   size_t MinHeapDeltaBytes                        = 1048576                                   {product} {ergonomic}
   size_t MinHeapSize                              = 8388608                                   {product} {ergonomic}
    uintx NonNMethodCodeHeapSize                   = 4096                                   {pd product} {ergonomic}
    uintx NonProfiledCodeHeapSize                  = 0                                      {pd product} {ergonomic}
     bool ProfileInterpreter                       = false                                  {pd product} {command line}
    uintx ProfiledCodeHeapSize                     = 0                                      {pd product} {ergonomic}
     bool ShowCodeDetailsInExceptionMessages       = true                                   {manageable} {command line}
   size_t SoftMaxHeapSize                          = 1595932672                             {manageable} {ergonomic}
     intx TieredStopAtLevel                        = 1                                         {product} {command line}
     bool UseCompressedOops                        = true                           {product lp64_product} {ergonomic}
     bool UseG1GC                                  = true                                      {product} {ergonomic}
     bool UseLargePagesIndividualAllocation        = false                                  {pd product} {ergonomic}

Logging:
Log output configuration:
 #0: stdout all=warning uptime,level,tags foldmultilines=false
 #1: stderr all=off uptime,level,tags foldmultilines=false

Environment Variables:
JAVA_HOME=C:\Program Files\Java\jdk-17
PATH=C:\Users\Administrator\Downloads\sts-4.31.0.RELEASE\plugins\org.eclipse.justj.openjdk.hotspot.jre.full.win32.x86_64_21.0.7.v20250502-0916\jre\bin;C:/Users/Administrator/Downloads/sts-4.31.0.RELEASE//plugins/org.eclipse.justj.openjdk.hotspot.jre.full.win32.x86_64_21.0.7.v20250502-0916/jre/bin/server;C:/Users/Administrator/Downloads/sts-4.31.0.RELEASE//plugins/org.eclipse.justj.openjdk.hotspot.jre.full.win32.x86_64_21.0.7.v20250502-0916/jre/bin;C:\Users\Administrator\Downloads\maven\apache-maven-3.9.9-bin\apache-maven-3.9.9\bin;C:\Program Files\Git\cmd;C:\WINDOWS\system32;C:\WINDOWS;C:\WINDOWS\System32\Wbem;C:\WINDOWS\System32\WindowsPowerShell\v1.0\;C:\WINDOWS\System32\OpenSSH\;C:\Program Files\Java\jdk-17\bin;C:\Users\Administrator\AppData\Local\Microsoft\WindowsApps;C:\Users\Administrator\AppData\Local\Programs\Microsoft VS Code\bin;C:\Users\Administrator\Downloads\sts-4.31.0.RELEASE;
USERNAME=MAHABOOB
OS=Windows_NT
PROCESSOR_IDENTIFIER=AMD64 Family 23 Model 24 Stepping 1, AuthenticAMD
TMP=C:\Users\ADMINI~1\AppData\Local\Temp
TEMP=C:\Users\ADMINI~1\AppData\Local\Temp




Periodic native trim disabled

---------------  S Y S T E M  ---------------

OS:
 Windows 11 , 64 bit Build 26100 (10.0.26100.7705)
OS uptime: 0 days 9:25 hours

CPU: total 8 (initial active 8) (8 cores per cpu, 2 threads per core) family 23 model 24 stepping 1 microcode 0x8108109, cx8, cmov, fxsr, ht, mmx, 3dnowpref, sse, sse2, sse3, ssse3, sse4a, sse4.1, sse4.2, popcnt, lzcnt, tsc, tscinvbit, avx, avx2, aes, clmul, bmi1, bmi2, adx, sha, fma, vzeroupper, clflush, clflushopt, rdtscp, f16c
Processor Information for the first 8 processors :
  Max Mhz: 2100, Current Mhz: 2100, Mhz Limit: 2100

Memory: 4k page, system-wide physical 6082M (717M free)
TotalPageFile size 12482M (AvailPageFile size 2809M)
current process WorkingSet (physical memory assigned to process): 220M, peak: 222M
current process commit charge ("private bytes"): 252M, peak: 253M

vm_info: OpenJDK 64-Bit Server VM (21.0.7+6-LTS) for windows-amd64 JRE (21.0.7+6-LTS), built on 2025-04-15T00:00:00Z by "admin" with MS VC++ 17.7 (VS2022)

END.
